   26   72   22   70
/disk2/codes/raffle/raflC4/lib_d/raf.tape15                                     
/disk2/codes/raffle/raflC4/lib_d/raf.tape11                                     
/disk2/codes/raffle/raflC4/lib_d/gam.tape15                                     
rtt_006.sigma                                                                   
 This is an initial experimental version of the rtt library                     
 ENDF/B V5 neutron cross sections ORNL gamma  data from DLC99HUGO LIB           
  508    0    1
    0    1     .33200E+00     .33200E+00
  505  505    8
    0    4     .17800E-03     .17800E-03
  505 -642    8
    2    4     .17800E-03     .17800E-03
  509  509   13
    0   89     .23200E+00     .23200E+00
  510  510    3
    0    3     .93593E+03     .38500E-01
  511  511    3
    0    3     .36000E-01     .36000E-01
  512  512    6
    0    3     .33600E-02     .33600E-02
  513  513    7
    0   34     .18940E+01     .75000E-01
  521  521    5
    0   13     .38371E+04     .50000E+00
  522  522    5
    0    0     .50000E-02     .50000E-02
  525  525   11
    0   61     .52800E+00     .52800E+00
  528  528   16
    0    0     .52000E+00     .52000E+00
  532  532   20
    0    1     .43000E+00     .43000E+00
  533  533   12
    0    0     .63000E-01     .63000E-01
  536  536    1
    0    1     .51000E-03     .51000E-03
  541  541   17
    0   31     .33205E+02     .32850E+02
  542  542   19
    0   47     .21556E+01     .21000E+01
  543  543   15
    0    0     .18000E+00     .18000E+00
  830  830    6
    2    3     .33600E-02     .33600E-02
  507  507   82
    0    0     .14000E+00     .14000E+00
  537  537    9
    0    0     .21000E-01     .21000E-01
  508  508    1
    2    1     .33200E+00     .33200E+00
  523  523   48
    0   19     .24500E+04     .24500E+04
  508    1    1
    0    1     .33200E+00     .33200E+00
  508    2    1
    0    1     .33200E+00     .33200E+00
  554  554   83
    0    0     .19000E+00     .19000E+00
1














                    RAFL 5 LIBRARY (OCT 83 FORMAT)




                              88/10/28

                      RAFFLE LIBRARY FROM NDRAFL              

                           162  MATERIALS

                            18  FISSION SPECTRA

                            72  ENERGY GROUPS
1

                              ISOTOPE LIST

      ID          TITLE           MAT  TAPE VERS  IWR     AWR     SIG-POT     TAPE

     508  HYDROGEN ENDF/B-V TAPE 511                   ETOP-PHROG 07/19/79 ENDF/B MAT.
  

     sigma total
    6.45111E-01    6.88027E-01    7.25738E-01    8.73615E-01    1.07427E+00
    1.30859E+00    1.57251E+00    1.86690E+00    2.19243E+00    2.57012E+00
    2.94961E+00    3.39091E+00    3.89488E+00    4.47047E+00    5.06067E+00
    5.75316E+00    6.56884E+00    7.47241E+00    8.45237E+00    9.50346E+00
    1.06179E+01    1.17431E+01    1.28536E+01    1.39248E+01    1.49261E+01
    1.58357E+01    1.66416E+01    1.73404E+01    1.79340E+01    1.84313E+01
    1.88406E+01    1.91720E+01    1.94394E+01    1.96559E+01    1.98286E+01
    1.99651E+01    2.00722E+01    2.01573E+01    2.02236E+01    2.02763E+01
    2.03179E+01    2.03497E+01    2.03746E+01    2.03943E+01    2.04103E+01
    2.04226E+01    2.04327E+01    2.04401E+01    2.04456E+01    2.04512E+01
    2.04545E+01    2.04553E+01    2.04562E+01    2.04571E+01    2.04583E+01
    2.04594E+01    2.04609E+01    2.04624E+01    2.04642E+01    2.04662E+01
    2.04682E+01    2.04712E+01    2.04733E+01    2.04774E+01    2.04811E+01
    2.04854E+01    2.04903E+01    2.04954E+01    2.05020E+01    2.05091E+01
    2.05171E+01    2.05262E+01     .00000E+00     .00000E+00     .00000E+00
     .00000E+00     .00000E+00     .00000E+00     .00000E+00     .00000E+00
     .00000E+00     .00000E+00     .00000E+00     .00000E+00     .00000E+00
     .00000E+00     .00000E+00     .00000E+00     .00000E+00     .00000E+00
     .00000E+00     .00000E+00     .00000E+00     .00000E+00
     505  OXYGEN-16  VERS 5                            ETOP-PHROG 05/15/81 ENDF/B MAT.
  

     sigma total
    1.72809E+00    1.63956E+00    1.58566E+00    1.50649E+00    1.21890E+00
    1.08022E+00    1.35723E+00    2.13698E+00    2.32209E+00    8.26388E-01
    1.77765E+00    2.22759E+00    3.48185E+00    4.28807E+00    2.71103E+00
    3.32194E+00    8.62864E+00    4.03382E+00    3.49264E+00    3.46219E+00
    3.49566E+00    3.53734E+00    3.57586E+00    3.61081E+00    3.63848E+00
    3.66100E+00    3.67996E+00    3.69473E+00    3.70630E+00    3.71537E+00
    3.72220E+00    3.72774E+00    3.73203E+00    3.73546E+00    3.73828E+00
    3.74048E+00    3.74210E+00    3.74341E+00    3.74443E+00    3.74516E+00
    3.74586E+00    3.74633E+00    3.74670E+00    3.74701E+00    3.74720E+00
    3.74731E+00    3.74742E+00    3.74753E+00    3.74764E+00    3.74775E+00
    3.74786E+00    3.74796E+00    3.74800E+00    3.74803E+00    3.74805E+00
    3.74807E+00    3.74808E+00    3.74809E+00    3.74810E+00    3.74810E+00
    3.74811E+00    3.74811E+00    3.74799E+00    3.74812E+00    3.74812E+00
    3.74812E+00    3.74812E+00    3.74806E+00    3.74813E+00    3.74813E+00
    3.74814E+00    3.74814E+00    3.77422E+00    3.77483E+00    3.77544E+00
    3.77612E+00    3.77662E+00    3.77696E+00    3.77733E+00    3.77793E+00
    3.77878E+00    3.77991E+00    3.78231E+00    3.78496E+00    3.78755E+00
    3.79412E+00    3.80219E+00    3.81351E+00    3.83458E+00    3.87175E+00
    3.93605E+00    4.07494E+00    4.35642E+00    5.08341E+00
     505  OXYGEN-16  VERS 5                            ETOP-PHROG 05/15/81 ENDF/B MAT.
  

     sigma total
    1.72809E+00    1.63956E+00    1.58566E+00    1.50649E+00    1.21890E+00
    1.08022E+00    1.35723E+00    2.13698E+00    2.32209E+00    8.26388E-01
    1.77765E+00    2.22759E+00    3.48185E+00    4.28807E+00    2.71103E+00
    3.32194E+00    8.62864E+00    4.03382E+00    3.49264E+00    3.46219E+00
    3.49566E+00    3.53734E+00    3.57586E+00    3.61081E+00    3.63848E+00
    3.66100E+00    3.67996E+00    3.69473E+00    3.70630E+00    3.71537E+00
    3.72220E+00    3.72774E+00    3.73203E+00    3.73546E+00    3.73828E+00
    3.74048E+00    3.74210E+00    3.74341E+00    3.74443E+00    3.74516E+00
    3.74586E+00    3.74633E+00    3.74670E+00    3.74701E+00    3.74720E+00
    3.74731E+00    3.74742E+00    3.74753E+00    3.74764E+00    3.74775E+00
    3.74786E+00    3.74796E+00    3.74800E+00    3.74803E+00    3.74805E+00
    3.74807E+00    3.74808E+00    3.74809E+00    3.74810E+00    3.74810E+00
    3.74811E+00    3.74811E+00    3.74799E+00    3.74812E+00    3.74812E+00
    3.74812E+00    3.74812E+00    3.74806E+00    3.74813E+00    3.74813E+00
    3.74814E+00    3.74814E+00    5.19579E+01    5.27248E+01    5.35202E+01
    5.43960E+01    5.49347E+01    5.53683E+01    5.57698E+01    5.64484E+01
    5.73953E+01    5.84389E+01    6.05983E+01    6.29576E+01    6.50531E+01
    6.94678E+01    7.41761E+01    7.98484E+01    8.97317E+01    1.03710E+02
    1.19678E+02    1.38425E+02    1.60446E+02    1.96001E+02
     509  ALUMINIUM-27   VERS 5                        ETOP-PHROG 08/10/79 ENDF/B MAT.
  

     sigma total
    1.75190E+00    1.74501E+00    1.73628E+00    1.71960E+00    1.75892E+00
    1.95834E+00    2.13977E+00    2.32788E+00    2.52690E+00    2.93041E+00
    2.99974E+00    3.09244E+00    3.36481E+00    3.48448E+00    3.99154E+00
    3.85015E+00    4.01677E+00    3.60284E+00    3.38752E+00    4.44316E+00
    7.57088E+00    4.07380E+00    8.34607E+00    5.86780E+00    1.83156E+00
    3.44725E+00    1.70666E+01    1.32747E+00    7.14522E-01    9.29766E-01
    1.18707E+00    1.27107E+00    1.32292E+00    2.68849E+00    1.34374E+00
    1.33039E+00    1.34625E+00    1.34794E+00    1.34815E+00    1.34853E+00
    1.34887E+00    1.34908E+00    1.34925E+00    1.34942E+00    1.34962E+00
    1.34982E+00    1.35004E+00    1.35028E+00    1.35054E+00    1.35081E+00
    1.35119E+00    1.35171E+00    1.35232E+00    1.35298E+00    1.35380E+00
    1.35461E+00    1.35563E+00    1.35668E+00    1.35791E+00    1.35931E+00
    1.36068E+00    1.36276E+00    1.36466E+00    1.36702E+00    1.36964E+00
    1.37262E+00    1.37599E+00    1.37979E+00    1.38415E+00    1.38907E+00
    1.39466E+00    1.40105E+00    1.40571E+00    1.40778E+00    1.40995E+00
    1.41235E+00    1.41393E+00    1.41506E+00    1.41625E+00    1.41820E+00
    1.42103E+00    1.42423E+00    1.43071E+00    1.43747E+00    1.44352E+00
    1.45691E+00    1.47131E+00    1.48846E+00    1.51575E+00    1.55514E+00
    1.61020E+00    1.70196E+00    1.84522E+00    2.10334E+00
     510  LITHIUM-6  VERS 5                            ETOP-PHROG 08/12/81 ENDF/B MAT.
  

     sigma total
    1.38953E+00    1.44325E+00    1.49050E+00    1.65475E+00    1.82667E+00
    1.97259E+00    2.08910E+00    2.15038E+00    1.97792E+00    1.62101E+00
    1.37660E+00    1.23068E+00    1.24478E+00    1.31880E+00    1.44722E+00
    1.69591E+00    2.27529E+00    3.95024E+00    9.11437E+00    6.92570E+00
    2.59963E+00    1.66447E+00    1.42831E+00    1.37610E+00    1.39342E+00
    1.44418E+00    1.51923E+00    1.61211E+00    1.72283E+00    1.85201E+00
    2.00019E+00    2.16919E+00    2.36196E+00    2.58077E+00    2.82982E+00
    3.11213E+00    3.43299E+00    3.79619E+00    4.20815E+00    4.67548E+00
    5.20503E+00    5.80520E+00    6.48571E+00    7.25682E+00    8.13068E+00
    9.12097E+00    1.02432E+01    1.15150E+01    1.29563E+01    1.45898E+01
    1.64404E+01    1.84926E+01    2.09088E+01    2.35693E+01    2.68751E+01
    3.01341E+01    3.42300E+01    3.84660E+01    4.34977E+01    4.91986E+01
    5.47898E+01    6.33213E+01    7.12903E+01    8.06929E+01    9.13456E+01
    1.03417E+02    1.17097E+02    1.32595E+02    1.50165E+02    1.70066E+02
    1.92639E+02    2.18380E+02    2.37270E+02    2.45600E+02    2.54330E+02
    2.63980E+02    2.70320E+02    2.74870E+02    2.79650E+02    2.87470E+02
    2.98840E+02    3.11730E+02    3.37770E+02    3.64910E+02    3.89190E+02
    4.42980E+02    5.00590E+02    5.68660E+02    6.77800E+02    8.36360E+02
    1.05841E+03    1.42861E+03    2.00651E+03    3.04761E+03
     511  LITHIUM-7 VERS 5 MOD 1                       ETOP-PHROG 04/15/83 ENDF/B MAT.
  

     sigma total
    1.38487E+00    1.43610E+00    1.48711E+00    1.61742E+00    1.78619E+00
    2.01127E+00    2.27899E+00    2.40004E+00    2.06728E+00    1.90931E+00
    1.72183E+00    1.69088E+00    1.69142E+00    1.40180E+00    1.11168E+00
    1.02759E+00    1.14774E+00    1.82439E+00    7.19408E+00    1.90408E+00
    1.03787E+00    9.83713E-01    9.87253E-01    1.00085E+00    1.01667E+00
    1.02818E+00    1.03436E+00    1.03910E+00    1.04282E+00    1.04573E+00
    1.04793E+00    1.04967E+00    1.05002E+00    1.05003E+00    1.05005E+00
    1.05007E+00    1.05009E+00    1.05011E+00    1.05014E+00    1.05016E+00
    1.05018E+00    1.05021E+00    1.05024E+00    1.05027E+00    1.05030E+00
    1.05034E+00    1.05039E+00    1.05044E+00    1.05050E+00    1.05056E+00
    1.05063E+00    1.05071E+00    1.05080E+00    1.05090E+00    1.05102E+00
    1.05115E+00    1.05129E+00    1.05146E+00    1.05164E+00    1.05186E+00
    1.05211E+00    1.05240E+00    1.05268E+00    1.05309E+00    1.05350E+00
    1.05398E+00    1.05452E+00    1.05511E+00    1.05582E+00    1.05659E+00
    1.05747E+00    1.05846E+00    1.05910E+00    1.05942E+00    1.05976E+00
    1.06013E+00    1.06037E+00    1.06055E+00    1.06073E+00    1.06103E+00
    1.06147E+00    1.06196E+00    1.06297E+00    1.06401E+00    1.06494E+00
    1.06701E+00    1.06923E+00    1.07185E+00    1.07604E+00    1.08214E+00
    1.09069E+00    1.10493E+00    1.12716E+00    1.16721E+00
     512  CARBON  VERS 5                               ETOP-PHROG 11/06/79 ENDF/B MAT.
  

     sigma total
    1.42372E+00    1.31322E+00    1.34917E+00    1.28401E+00    1.41804E+00
    1.21344E+00    1.19156E+00    1.98587E+00    2.22520E+00    1.66923E+00
    1.81824E+00    2.00489E+00    2.34783E+00    2.69285E+00    2.98631E+00
    3.26693E+00    3.52734E+00    3.74917E+00    3.93621E+00    4.09369E+00
    4.22305E+00    4.32829E+00    4.41317E+00    4.48098E+00    4.53499E+00
    4.57756E+00    4.61120E+00    4.63765E+00    4.65852E+00    4.67499E+00
    4.68752E+00    4.69770E+00    4.70527E+00    4.71133E+00    4.71652E+00
    4.72131E+00    4.72529E+00    4.72844E+00    4.73067E+00    4.73238E+00
    4.73405E+00    4.73516E+00    4.73602E+00    4.73668E+00    4.73704E+00
    4.73730E+00    4.73756E+00    4.73782E+00    4.73809E+00    4.73835E+00
    4.73861E+00    4.73886E+00    4.73897E+00    4.73903E+00    4.73909E+00
    4.73913E+00    4.73918E+00    4.73921E+00    4.73925E+00    4.73929E+00
    4.73932E+00    4.73937E+00    4.73925E+00    4.73945E+00    4.73950E+00
    4.73955E+00    4.73961E+00    4.73958E+00    4.73973E+00    4.73981E+00
    4.73989E+00    4.73999E+00    4.68538E+00    4.68177E+00    4.67967E+00
    4.67998E+00    4.67695E+00    4.67500E+00    4.67388E+00    4.67428E+00
    4.67727E+00    4.67439E+00    4.67603E+00    4.67573E+00    4.68345E+00
    4.69851E+00    4.69889E+00    4.88009E+00    4.79420E+00    4.95769E+00
    4.75343E+00    4.07831E+00    4.40716E+00    4.45895E+00
     513  NITROGEN-14  VERS 5                          ETOP-PHROG 11/06/79 ENDF/B MAT.
  

     sigma total
    1.58504E+00    1.57086E+00    1.56446E+00    1.40940E+00    1.32908E+00
    1.36853E+00    1.31875E+00    1.83634E+00    1.65547E+00    1.45029E+00
    1.76605E+00    2.13429E+00    1.88057E+00    1.57373E+00    2.11670E+00
    1.95109E+00    2.84003E+00    2.96843E+00    3.26777E+00    3.55004E+00
    3.83002E+00    4.11812E+00    4.43652E+00    4.82338E+00    5.23907E+00
    5.66936E+00    6.07339E+00    6.43014E+00    6.73174E+00    7.02576E+00
    7.26140E+00    7.43990E+00    7.58995E+00    7.73401E+00    7.88084E+00
    8.03052E+00    8.18309E+00    8.33863E+00    8.49719E+00    8.65885E+00
    8.82289E+00    8.94717E+00    9.04874E+00    9.15162E+00    9.25584E+00
    9.36145E+00    9.46849E+00    9.57700E+00    9.68704E+00    9.79868E+00
    9.86862E+00    9.88601E+00    9.90454E+00    9.92319E+00    9.94440E+00
    9.96360E+00    9.98591E+00    1.00073E+01    1.00310E+01    1.00525E+01
    1.00645E+01    1.00820E+01    1.00980E+01    1.01177E+01    1.01395E+01
    1.01641E+01    1.01921E+01    1.02235E+01    1.02594E+01    1.02997E+01
    1.03454E+01    1.03975E+01    1.04358E+01    1.04526E+01    1.04703E+01
    1.04898E+01    1.05026E+01    1.05118E+01    1.05215E+01    1.05373E+01
    1.05603E+01    1.05864E+01    1.06391E+01    1.06940E+01    1.07431E+01
    1.08520E+01    1.09685E+01    1.11063E+01    1.13271E+01    1.16480E+01
    1.20974E+01    1.28465E+01    1.40159E+01    1.61227E+01
     521  BORON-10  VERS 5                             ETOP-PHROG 02/12/80 ENDF/B MAT.
  

     sigma total
    1.44941E+00    1.45037E+00    1.45514E+00    1.46757E+00    1.48117E+00
    1.54082E+00    1.53758E+00    1.75344E+00    1.88677E+00    2.10400E+00
    2.09312E+00    2.01023E+00    2.37775E+00    2.83400E+00    3.34179E+00
    3.98925E+00    4.49205E+00    4.73196E+00    4.85925E+00    4.83306E+00
    4.73932E+00    4.66827E+00    4.65632E+00    4.71497E+00    4.84659E+00
    5.04953E+00    5.32320E+00    5.66822E+00    6.08621E+00    6.58467E+00
    7.16489E+00    7.83213E+00    8.60604E+00    9.49108E+00    1.04984E+01
    1.16439E+01    1.29463E+01    1.44262E+01    1.61077E+01    1.80181E+01
    2.01884E+01    2.26409E+01    2.54175E+01    2.85670E+01    3.21397E+01
    3.61927E+01    4.07909E+01    4.60074E+01    5.19256E+01    5.86400E+01
    6.62337E+01    7.46357E+01    8.45304E+01    9.54287E+01    1.08976E+02
    1.22335E+02    1.39131E+02    1.56508E+02    1.77155E+02    2.00540E+02
    2.23458E+02    2.58424E+02    2.91088E+02    3.29633E+02    3.73308E+02
    4.22805E+02    4.78901E+02    5.42464E+02    6.14523E+02    6.96112E+02
    7.88649E+02    8.94182E+02    9.71566E+02    1.00571E+03    1.04151E+03
    1.08111E+03    1.10701E+03    1.12571E+03    1.14531E+03    1.17731E+03
    1.22391E+03    1.27671E+03    1.38351E+03    1.49471E+03    1.59431E+03
    1.81481E+03    2.05101E+03    2.33011E+03    2.77751E+03    3.42761E+03
    4.33811E+03    5.85571E+03    8.22481E+03    1.24931E+04
     522  BORON-11  VERS 5                             ETOP-PHROG 02/13/80 ENDF/B MAT.
  

     sigma total
    1.31830E+00    1.31982E+00    1.31713E+00    1.29272E+00    1.37833E+00
    1.50737E+00    1.64541E+00    1.42397E+00    1.48888E+00    1.67806E+00
    1.91688E+00    2.24197E+00    2.84163E+00    2.47548E+00    2.84378E+00
    3.34331E+00    4.91961E+00    3.59519E+00    3.78325E+00    3.96830E+00
    4.10266E+00    4.27138E+00    4.41641E+00    4.52548E+00    4.63707E+00
    4.74905E+00    4.86277E+00    4.97432E+00    5.94565E+00    5.06326E+00
    5.03759E+00    5.01406E+00    5.01215E+00    5.01611E+00    5.02008E+00
    5.02405E+00    5.02761E+00    5.02913E+00    5.03039E+00    5.03164E+00
    5.03288E+00    5.03357E+00    5.03400E+00    5.03442E+00    5.03485E+00
    5.03522E+00    5.03543E+00    5.03553E+00    5.03564E+00    5.03574E+00
    5.03584E+00    5.03594E+00    5.03601E+00    5.03606E+00    5.03612E+00
    5.03615E+00    5.03618E+00    5.03620E+00    5.03623E+00    5.03626E+00
    5.03629E+00    5.03633E+00    5.03621E+00    5.03643E+00    5.03648E+00
    5.03655E+00    5.03662E+00    5.03661E+00    5.03680E+00    5.03690E+00
    5.03703E+00    5.03716E+00    5.03726E+00    5.03731E+00    5.03735E+00
    5.03741E+00    5.03744E+00    5.03746E+00    5.03749E+00    5.03753E+00
    5.03759E+00    5.03766E+00    5.03780E+00    5.03795E+00    5.03808E+00
    5.03836E+00    5.03867E+00    5.03903E+00    5.03962E+00    5.04046E+00
    5.04165E+00    5.04363E+00    5.04672E+00    5.05228E+00
     525  SODIUM-23 VERS 5 INFD                        ETOP-PHROG 85/12/12 ENDF/B MAT.
  

     sigma total
    1.74537E+00    1.71887E+00    1.70259E+00    1.65367E+00    1.65409E+00
    1.80597E+00    1.95829E+00    2.15006E+00    2.29161E+00    2.86691E+00
    2.83964E+00    2.71196E+00    3.53543E+00    4.12367E+00    6.36358E+00
    3.74180E+00    3.14700E+00    3.34085E+00    3.79180E+00    4.47085E+00
    3.28873E+00    3.41459E+00    3.53882E+00    3.68794E+00    6.88957E+00
    4.62061E+00    4.05849E+00    4.09223E+00    4.19914E+00    4.37928E+00
    4.66061E+00    5.11517E+00    5.77511E+00    7.10557E+00    1.06114E+01
    2.72532E+01    2.10735E+02    5.17028E+01    9.07548E+00    4.92627E+00
    3.90378E+00    3.52190E+00    3.34310E+00    3.26879E+00    3.23018E+00
    3.20269E+00    3.18392E+00    3.16964E+00    3.16202E+00    3.15491E+00
    3.15110E+00    3.15131E+00    3.15132E+00    3.15105E+00    3.15084E+00
    3.15107E+00    3.15178E+00    3.15324E+00    3.15521E+00    3.16169E+00
    3.17907E+00    3.19451E+00    3.20735E+00    3.21923E+00    3.23054E+00
    3.24093E+00    3.25189E+00    3.26352E+00    3.27763E+00    3.30426E+00
    3.33096E+00    3.35663E+00    3.37370E+00    3.38070E+00    3.38782E+00
    3.39536E+00    3.40024E+00    3.40370E+00    3.40730E+00    3.41301E+00
    3.42112E+00    3.43019E+00    3.44908E+00    3.47159E+00    3.49069E+00
    3.53004E+00    3.57114E+00    3.61814E+00    3.68819E+00    3.78614E+00
    3.92604E+00    4.15377E+00    4.49630E+00    5.09310E+00
     528  SULFUR  VERS 5 *ID                           ETOP-PHROG 05/11/81 ENDF/B MAT.
  

     sigma total
    1.79899E+00    1.82671E+00    1.85568E+00    1.96894E+00    2.07644E+00
    2.30433E+00    2.42212E+00    2.85296E+00    2.94970E+00    2.98677E+00
    2.63119E+00    2.45368E+00    2.38369E+00    2.01944E+00    2.18435E+00
    1.78363E+00    2.50369E+00    2.02860E+00    2.66128E+00    3.41467E+00
    3.54763E+00    9.35229E+00    1.31031E+01    1.09421E-01    1.60857E-01
    3.83880E-01    5.33413E-01    1.55522E+00    7.07570E-01    7.59615E-01
    7.96999E-01    8.27370E-01    8.52668E-01    8.73729E-01    8.91637E-01
    9.07077E-01    9.20483E-01    9.32131E-01    9.42214E-01    9.50884E-01
    9.58219E-01    9.64555E-01    9.69845E-01    9.74297E-01    9.78052E-01
    9.81239E-01    9.83978E-01    9.86372E-01    9.88516E-01    9.90489E-01
    9.92360E-01    9.94165E-01    9.96038E-01    9.97933E-01    1.00016E+00
    1.00218E+00    1.00467E+00    1.00718E+00    1.01012E+00    1.01340E+00
    1.01659E+00    1.02158E+00    1.02588E+00    1.03119E+00    1.03717E+00
    1.04393E+00    1.05158E+00    1.06022E+00    1.07013E+00    1.08116E+00
    1.09525E+00    1.10816E+00    7.34970E-01    7.39630E-01    7.44520E-01
    7.49930E-01    7.53480E-01    7.56030E-01    7.58710E-01    7.63100E-01
    7.69460E-01    7.76680E-01    7.91270E-01    8.06460E-01    8.20070E-01
    8.50200E-01    8.82460E-01    9.20590E-01    9.81710E-01    1.07052E+00
    1.19493E+00    1.40227E+00    1.72589E+00    2.30909E+00
     532  CALCIUM(NAT) VERS 5 MOD 3                    ETOP-PHROG 04/15/83 ENDF/B MAT.
  

     sigma total
    2.11436E+00    2.15654E+00    2.22617E+00    2.47299E+00    2.77393E+00
    3.02585E+00    3.30863E+00    3.63538E+00    3.58194E+00    3.42735E+00
    3.12049E+00    2.46785E+00    2.40444E+00    2.40624E+00    1.81706E+00
    2.23643E+00    1.29659E+00    2.62894E+00    3.77709E+00    1.61612E+00
    2.87678E+00    3.07036E+00    1.74308E+00    1.24505E+00    1.37432E+00
    1.36343E+00    1.38452E+00    1.50823E+00    1.94985E+00    1.91169E+00
    1.94682E+00    2.05211E+00    2.04580E+00    2.17801E+00    2.32019E+00
    2.44957E+00    2.57445E+00    2.68935E+00    2.80813E+00    2.90320E+00
    2.97248E+00    2.99485E+00    2.99516E+00    2.99552E+00    2.99592E+00
    2.99637E+00    2.99689E+00    2.99747E+00    2.99814E+00    2.99889E+00
    2.99974E+00    3.00070E+00    3.00178E+00    3.00302E+00    3.00443E+00
    3.00602E+00    3.00782E+00    3.00985E+00    3.01216E+00    3.01478E+00
    3.01777E+00    3.02118E+00    3.02484E+00    3.02926E+00    3.03415E+00
    3.03970E+00    3.04598E+00    3.05305E+00    3.06118E+00    3.07032E+00
    3.08069E+00    3.09252E+00    3.00942E+00    3.01962E+00    3.03020E+00
    3.04123E+00    3.04800E+00    3.05284E+00    3.05778E+00    3.06535E+00
    3.07589E+00    3.08734E+00    3.10915E+00    3.13219E+00    3.15107E+00
    3.18820E+00    3.21958E+00    3.25016E+00    3.29950E+00    3.37174E+00
    3.47398E+00    3.64497E+00    3.91099E+00    4.38970E+00
     533  MAGNESIUM VERS 5                             ETOP-PHROG 10/22/80 ENDF/B MAT.
  

     sigma total
    1.81450E+00    1.77192E+00    1.68884E+00    1.64693E+00    1.68561E+00
    1.63476E+00    1.91326E+00    1.93256E+00    2.04877E+00    2.62963E+00
    2.53982E+00    2.86137E+00    3.08286E+00    3.54861E+00    4.09905E+00
    4.58193E+00    6.90697E+00    6.35384E+00    1.06899E+01    5.87318E+00
    4.23755E+00    4.51612E+00    1.19213E+01    2.30279E+01    3.99822E+00
    3.56922E+00    3.53584E+00    3.77690E+00    5.99734E+00    4.25926E+00
    3.57684E+00    3.59641E+00    3.56850E+00    3.56755E+00    3.56789E+00
    3.56265E+00    3.55404E+00    3.53020E+00    3.50918E+00    3.50322E+00
    3.54105E+00    3.58128E+00    3.60707E+00    3.63128E+00    3.65236E+00
    3.66518E+00    3.67473E+00    3.67971E+00    3.66080E+00    3.64126E+00
    3.61975E+00    3.58879E+00    3.56258E+00    3.53624E+00    3.52458E+00
    3.52446E+00    3.52441E+00    3.52449E+00    3.52424E+00    3.49618E+00
    3.45602E+00    3.41433E+00    3.39933E+00    3.39874E+00    3.39840E+00
    3.39834E+00    3.39848E+00    3.39892E+00    3.39822E+00    3.38942E+00
    3.38140E+00    3.37586E+00    3.39252E+00    3.39208E+00    3.39167E+00
    3.39122E+00    3.39095E+00    3.39075E+00    3.39058E+00    3.39030E+00
    3.38997E+00    3.38964E+00    3.38909E+00    3.38862E+00    3.38845E+00
    3.38837E+00    3.38874E+00    3.38962E+00    3.39194E+00    3.39658E+00
    3.39866E+00    3.40196E+00    3.43494E+00    3.50543E+00
     536  DEUTERIUM  VERS 5                            ETOP-PHROG 10/29/80 ENDF/B MAT.
  

     sigma total
    7.65154E-01    8.04228E-01    8.39481E-01    9.82328E-01    1.17016E+00
    1.38348E+00    1.60912E+00    1.84841E+00    2.08433E+00    2.34779E+00
    2.55210E+00    2.71515E+00    2.82338E+00    2.89295E+00    2.93819E+00
    2.97234E+00    3.00230E+00    3.03220E+00    3.06979E+00    3.11472E+00
    3.15593E+00    3.19159E+00    3.22162E+00    3.24703E+00    3.27047E+00
    3.29099E+00    3.30913E+00    3.32469E+00    3.33774E+00    3.34912E+00
    3.35854E+00    3.36628E+00    3.37381E+00    3.38022E+00    3.38517E+00
    3.38991E+00    3.39394E+00    3.39452E+00    3.39464E+00    3.39475E+00
    3.39486E+00    3.39491E+00    3.39492E+00    3.39493E+00    3.39494E+00
    3.39495E+00    3.39496E+00    3.39497E+00    3.39498E+00    3.39499E+00
    3.39500E+00    3.39501E+00    3.39502E+00    3.39502E+00    3.39502E+00
    3.39502E+00    3.39502E+00    3.39502E+00    3.39502E+00    3.39503E+00
    3.39503E+00    3.39503E+00    3.39492E+00    3.39504E+00    3.39505E+00
    3.39506E+00    3.39506E+00    3.39501E+00    3.39508E+00    3.39509E+00
    3.39510E+00    3.39512E+00    3.45079E+00    3.46173E+00    3.45570E+00
    3.45425E+00    3.45585E+00    3.45761E+00    3.45977E+00    3.46376E+00
    3.47009E+00    3.47786E+00    3.50543E+00    3.53289E+00    3.55585E+00
    3.60991E+00    3.65609E+00    3.71313E+00    3.84554E+00    4.08475E+00
    4.47643E+00    5.25887E+00    6.64553E+00    9.41997E+00
     541  CHLORINE  VERS 5                             ETOP-PHROG 11/05/80 ENDF/B MAT.
  

     sigma total
    2.07866E+00    2.09748E+00    2.10385E+00    2.15143E+00    2.35068E+00
    2.56817E+00    2.70799E+00    2.93037E+00    3.12942E+00    3.07918E+00
    2.93347E+00    2.70637E+00    2.44525E+00    2.29334E+00    2.22375E+00
    2.20445E+00    2.51908E+00    2.14205E+00    1.89045E+00    2.30594E+00
    1.72574E+00    2.06274E+00    1.92283E+00    2.41557E+00    2.55765E+00
    2.68391E+00    2.25979E+00    5.21096E+00    2.93683E+00    3.09831E+00
    3.32812E+00    2.03250E+00    4.34712E+00    2.00008E+00    1.38953E+00
    2.04224E+00    1.77254E+00    1.49680E+00    1.83184E+00    1.87398E+00
    2.09141E+00    2.32206E+00    2.54964E+00    2.87457E+00    5.29194E+00
    3.62170E+00    4.30883E+00    5.16888E+00    5.71397E+00    6.29955E+00
    7.52168E+00    8.91253E+00    1.01339E+01    1.11587E+01    1.21205E+01
    1.30017E+01    1.40200E+01    1.47365E+01    1.54924E+01    1.62682E+01
    1.68764E+01    1.78416E+01    1.83879E+01    1.87860E+01    1.91574E+01
    1.95403E+01    2.00203E+01    2.05961E+01    2.12398E+01    2.19496E+01
    2.28778E+01    2.38574E+01    2.44794E+01    2.47877E+01    2.51100E+01
    2.54651E+01    2.56975E+01    2.58641E+01    2.60390E+01    2.63240E+01
    2.67370E+01    2.72030E+01    2.81410E+01    2.91110E+01    2.99740E+01
    3.18700E+01    3.39280E+01    3.63930E+01    4.02660E+01    4.58310E+01
    5.41990E+01    6.90130E+01    8.98610E+01    1.25570E+02
     542  POTASSIUM  VERS 5                            ETOP-PHROG 11/05/80 ENDF/B MAT.
  

     sigma total
    1.99255E+00    2.04045E+00    2.08909E+00    2.28322E+00    2.55116E+00
    2.84542E+00    3.11962E+00    3.40920E+00    3.45992E+00    3.16386E+00
    2.99089E+00    2.77764E+00    2.54751E+00    2.28007E+00    2.16420E+00
    2.06067E+00    2.30357E+00    2.06139E+00    2.27540E+00    1.43246E+00
    2.04096E+00    1.96111E+00    2.70015E+00    2.94995E+00    3.47477E+00
    3.09927E+00    2.06565E+00    2.91929E+00    1.65174E+00    2.09372E+00
    1.33304E+00    7.32921E+00    1.23172E+00    1.38898E+00    2.09979E+00
    1.41322E+01    1.34858E+00    1.09484E+00    1.14246E+00    1.19534E+00
    1.25063E+00    1.29867E+00    1.34289E+00    1.38288E+00    1.42034E+00
    1.45898E+00    1.49887E+00    1.54268E+00    1.59524E+00    1.65024E+00
    1.70445E+00    1.75598E+00    1.80378E+00    1.84063E+00    1.88455E+00
    1.92482E+00    1.96891E+00    2.00061E+00    2.03387E+00    2.07196E+00
    2.11381E+00    2.16864E+00    2.20343E+00    2.23423E+00    2.26242E+00
    2.29293E+00    2.31216E+00    2.33049E+00    2.35755E+00    2.41015E+00
    2.47080E+00    2.53139E+00    2.56198E+00    2.58297E+00    2.60554E+00
    2.63051E+00    2.64673E+00    2.65844E+00    2.67067E+00    2.69062E+00
    2.71943E+00    2.75204E+00    2.82068E+00    2.90016E+00    2.97126E+00
    3.12565E+00    3.27400E+00    3.43170E+00    3.69490E+00    4.07000E+00
    4.57340E+00    5.40400E+00    6.70070E+00    9.03700E+00
     543  PHOSPHORUS  VERS 5                           ETOP-PHROG 11/10/80 ENDF/B MAT.
  

     sigma total
    1.84715E+00    1.87721E+00    1.89770E+00    1.96615E+00    2.04920E+00
    2.29260E+00    2.49376E+00    2.79022E+00    2.88553E+00    2.87442E+00
    2.90072E+00    3.03532E+00    3.31922E+00    3.28260E+00    2.57491E+00
    3.07000E+00    3.35026E+00    2.99620E+00    2.90361E+00    2.92659E+00
    3.44022E+00    2.14126E+00    3.37752E+00    4.29478E+00    4.42511E+00
    4.60930E+00    4.47632E+00    3.99854E+00    3.75503E+00    4.33131E+00
    5.01647E+00    4.93887E+00    5.19736E+00    4.29093E+00    4.10771E+00
    4.10780E+00    4.10791E+00    4.10802E+00    4.10810E+00    4.10821E+00
    4.10831E+00    4.10843E+00    4.10853E+00    4.10865E+00    4.10876E+00
    4.10888E+00    4.10901E+00    4.10911E+00    4.10922E+00    4.10934E+00
    4.10947E+00    4.10958E+00    4.10971E+00    4.10983E+00    4.10997E+00
    4.11006E+00    4.11015E+00    4.11021E+00    4.11025E+00    4.11036E+00
    4.11121E+00    4.11294E+00    4.11453E+00    4.11674E+00    4.11899E+00
    4.12149E+00    4.12433E+00    4.12745E+00    4.13110E+00    4.13485E+00
    4.13907E+00    4.14444E+00    4.14846E+00    4.15024E+00    4.15208E+00
    4.15414E+00    4.15553E+00    4.15647E+00    4.15744E+00    4.15917E+00
    4.16158E+00    4.16436E+00    4.16995E+00    4.17587E+00    4.18097E+00
    4.19244E+00    4.20478E+00    4.21964E+00    4.24507E+00    4.27909E+00
    4.32357E+00    4.39659E+00    4.50822E+00    4.70337E+00
     830  CARBON  VERS 5                               ETOP-PHROG 11/06/79 ENDF/B MAT.
  

     sigma total
    1.42372E+00    1.31322E+00    1.34917E+00    1.28401E+00    1.41804E+00
    1.21344E+00    1.19156E+00    1.98587E+00    2.22520E+00    1.66923E+00
    1.81824E+00    2.00489E+00    2.34783E+00    2.69285E+00    2.98631E+00
    3.26693E+00    3.52734E+00    3.74917E+00    3.93621E+00    4.09369E+00
    4.22305E+00    4.32829E+00    4.41317E+00    4.48098E+00    4.53499E+00
    4.57756E+00    4.61120E+00    4.63765E+00    4.65852E+00    4.67499E+00
    4.68752E+00    4.69770E+00    4.70527E+00    4.71133E+00    4.71652E+00
    4.72131E+00    4.72529E+00    4.72844E+00    4.73067E+00    4.73238E+00
    4.73405E+00    4.73516E+00    4.73602E+00    4.73668E+00    4.73704E+00
    4.73730E+00    4.73756E+00    4.73782E+00    4.73809E+00    4.73835E+00
    4.73861E+00    4.73886E+00    4.73897E+00    4.73903E+00    4.73909E+00
    4.73913E+00    4.73918E+00    4.73921E+00    4.73925E+00    4.73929E+00
    4.73932E+00    4.73937E+00    4.73925E+00    4.73945E+00    4.73950E+00
    4.73955E+00    4.73961E+00    4.73958E+00    4.73973E+00    4.73981E+00
    4.73989E+00    4.73999E+00    4.95688E+01    5.00531E+01    5.06286E+01
    5.14642E+01    5.21251E+01    5.25653E+01    5.30302E+01    5.37589E+01
    5.46567E+01    5.54785E+01    5.69797E+01    5.90448E+01    6.14412E+01
    6.82608E+01    7.64586E+01    8.60271E+01    9.91425E+01    1.13246E+02
    1.26586E+02    1.41253E+02    1.59455E+02    1.94812E+02
     507  LEAD-NAT FROM TAPE 508                       ETOP-PHROG 07/16/79 ENDF/B MAT.
  

     sigma total
    5.54841E+00    5.36806E+00    5.30224E+00    5.14978E+00    5.30876E+00
    6.03563E+00    7.16475E+00    7.71968E+00    7.82081E+00    7.09441E+00
    5.94184E+00    5.35350E+00    5.00380E+00    5.12232E+00    5.50743E+00
    5.43800E+00    4.93307E+00    7.16924E+00    7.84736E+00    8.26462E+00
    9.02493E+00    9.96523E+00    1.01812E+01    1.24879E+01    1.08135E+01
    1.30400E+01    1.00303E+01    1.02422E+01    1.02672E+01    1.09908E+01
    1.10225E+01    1.11688E+01    1.13596E+01    1.11998E+01    1.11984E+01
    1.13521E+01    1.12371E+01    1.14221E+01    1.15182E+01    1.12008E+01
    1.12023E+01    1.12024E+01    1.12019E+01    1.12013E+01    1.12008E+01
    1.12003E+01    1.11999E+01    1.11994E+01    1.11990E+01    1.11986E+01
    1.11983E+01    1.11980E+01    1.11983E+01    1.11987E+01    1.11992E+01
    1.11998E+01    1.12005E+01    1.12013E+01    1.12022E+01    1.12033E+01
    1.12043E+01    1.12059E+01    1.12071E+01    1.12097E+01    1.12126E+01
    1.12158E+01    1.12192E+01    1.12236E+01    1.12289E+01    1.12298E+01
    1.12310E+01    1.12354E+01    1.12390E+01    1.12406E+01    1.12422E+01
    1.12441E+01    1.12453E+01    1.12461E+01    1.12471E+01    1.12485E+01
    1.12507E+01    1.12532E+01    1.12581E+01    1.12633E+01    1.12679E+01
    1.12781E+01    1.12891E+01    1.13020E+01    1.13228E+01    1.13529E+01
    1.13952E+01    1.14656E+01    1.15755E+01    1.17735E+01
     537  FLUORINE-19  VERS 5                          ETOP-PHROG 10/29/80 ENDF/B MAT.
  

     sigma total
    1.79628E+00    1.76491E+00    1.75078E+00    1.74390E+00    1.70291E+00
    1.65351E+00    1.81290E+00    1.98563E+00    2.19621E+00    2.79519E+00
    2.85440E+00    3.31820E+00    3.75296E+00    3.90544E+00    4.08954E+00
    5.01340E+00    6.71800E+00    8.39958E+00    8.65091E+00    4.52294E+00
    4.10616E+00    5.81094E+00    1.64020E+01    4.72417E+00    3.72557E+00
    1.24467E+01    4.02214E+00    1.39059E+01    3.75232E+00    3.66335E+00
    3.65065E+00    3.63594E+00    3.62732E+00    3.62993E+00    3.63279E+00
    3.63490E+00    3.63653E+00    3.63801E+00    3.63916E+00    3.63991E+00
    3.64026E+00    3.64026E+00    3.64027E+00    3.64028E+00    3.64029E+00
    3.64030E+00    3.64031E+00    3.64032E+00    3.64069E+00    3.64230E+00
    3.64375E+00    3.64486E+00    3.64571E+00    3.64639E+00    3.64700E+00
    3.64743E+00    3.64800E+00    3.64846E+00    3.64883E+00    3.64921E+00
    3.64954E+00    3.64983E+00    3.64824E+00    3.63887E+00    3.63045E+00
    3.62409E+00    3.61908E+00    3.61512E+00    3.61238E+00    3.61215E+00
    3.61232E+00    3.61253E+00    3.99970E+00    3.99979E+00    3.99987E+00
    3.99997E+00    4.00004E+00    4.00008E+00    4.00013E+00    4.00021E+00
    4.00033E+00    4.00046E+00    4.00072E+00    4.00100E+00    4.00124E+00
    4.00179E+00    4.00237E+00    4.00306E+00    4.00417E+00    4.00578E+00
    4.00804E+00    4.01179E+00    4.01766E+00    4.02823E+00
     508  HYDROGEN ENDF/B-V TAPE 511                   ETOP-PHROG 07/19/79 ENDF/B MAT.
  

     sigma total
    6.45111E-01    6.88027E-01    7.25738E-01    8.73615E-01    1.07427E+00
    1.30859E+00    1.57251E+00    1.86690E+00    2.19243E+00    2.57012E+00
    2.94961E+00    3.39091E+00    3.89488E+00    4.47047E+00    5.06067E+00
    5.75316E+00    6.56884E+00    7.47241E+00    8.45237E+00    9.50346E+00
    1.06179E+01    1.17431E+01    1.28536E+01    1.39248E+01    1.49261E+01
    1.58357E+01    1.66416E+01    1.73404E+01    1.79340E+01    1.84313E+01
    1.88406E+01    1.91720E+01    1.94394E+01    1.96559E+01    1.98286E+01
    1.99651E+01    2.00722E+01    2.01573E+01    2.02236E+01    2.02763E+01
    2.03179E+01    2.03497E+01    2.03746E+01    2.03943E+01    2.04103E+01
    2.04226E+01    2.04327E+01    2.04401E+01    2.04456E+01    2.04512E+01
    2.04545E+01    2.04553E+01    2.04562E+01    2.04571E+01    2.04583E+01
    2.04594E+01    2.04609E+01    2.04624E+01    2.04642E+01    2.04662E+01
    2.04682E+01    2.04712E+01    2.04733E+01    2.04774E+01    2.04811E+01
    2.04854E+01    2.04903E+01    2.04954E+01    2.05020E+01    2.05091E+01
    2.05171E+01    2.05262E+01    4.66276E+01    4.70653E+01    4.73356E+01
    4.75514E+01    4.77142E+01    4.78356E+01    4.79641E+01    4.81736E+01
    4.84775E+01    4.87753E+01    4.94243E+01    5.01552E+01    5.07667E+01
    5.22236E+01    5.38741E+01    5.55345E+01    5.86518E+01    6.41961E+01
    7.29214E+01    8.92482E+01    1.16949E+02    1.69870E+02
     523  CADMIUM-NATURAL  VERS 5                      ETOP-PHROG 02/13/80 ENDF/B MAT.
  

     sigma total
    4.55183E+00    4.60793E+00    4.59342E+00    4.45013E+00    4.23039E+00
    4.05759E+00    4.00326E+00    4.07209E+00    4.35800E+00    4.91510E+00
    5.41352E+00    5.77397E+00    6.11231E+00    6.57679E+00    6.77243E+00
    7.01800E+00    7.23727E+00    7.24933E+00    7.26537E+00    7.26448E+00
    7.24147E+00    7.22276E+00    7.18329E+00    7.08368E+00    6.99902E+00
    6.93286E+00    6.88062E+00    6.83073E+00    6.76897E+00    6.74584E+00
    6.72709E+00    6.70206E+00    6.65333E+00    6.56433E+00    6.49455E+00
    6.44075E+00    6.39785E+00    6.36369E+00    6.26126E+00    7.02729E+00
    1.53247E+01    9.57678E+00    1.09058E+01    8.45223E+00    3.49532E+01
    7.13571E+00    1.40897E+01    8.50984E+00    1.12863E+01    2.77632E+01
    4.52579E+01    9.61790E+00    2.25416E+01    4.74519E+00    5.07338E+00
    1.57973E+01    6.04202E+00    4.90443E+00    4.92233E+00    4.96472E+00
    5.01663E+00    5.13035E+00    5.29429E+00    5.59465E+00    6.14506E+00
    7.19522E+00    9.21062E+00    1.32909E+01    2.18366E+01    4.05378E+01
    8.29257E+01    1.97037E+02    3.58240E+02    4.62893E+02    6.14251E+02
    8.33958E+02    1.01320E+03    1.16504E+03    1.35631E+03    1.76144E+03
    2.54705E+03    3.74178E+03    6.27799E+03    7.21463E+03    6.37626E+03
    4.32867E+03    3.14323E+03    2.63644E+03    2.37840E+03    2.37634E+03
    2.61166E+03    3.19180E+03    4.22766E+03    6.21478E+03
     508  HYDROGEN ENDF/B-V TAPE 511                   ETOP-PHROG 07/19/79 ENDF/B MAT.
  

     sigma total
    6.45111E-01    6.88027E-01    7.25738E-01    8.73615E-01    1.07427E+00
    1.30859E+00    1.57251E+00    1.86690E+00    2.19243E+00    2.57012E+00
    2.94961E+00    3.39091E+00    3.89488E+00    4.47047E+00    5.06067E+00
    5.75316E+00    6.56884E+00    7.47241E+00    8.45237E+00    9.50346E+00
    1.06179E+01    1.17431E+01    1.28536E+01    1.39248E+01    1.49261E+01
    1.58357E+01    1.66416E+01    1.73404E+01    1.79340E+01    1.84313E+01
    1.88406E+01    1.91720E+01    1.94394E+01    1.96559E+01    1.98286E+01
    1.99651E+01    2.00722E+01    2.01573E+01    2.02236E+01    2.02763E+01
    2.03179E+01    2.03497E+01    2.03746E+01    2.03943E+01    2.04103E+01
    2.04226E+01    2.04327E+01    2.04401E+01    2.04456E+01    2.04512E+01
    2.04545E+01    2.04553E+01    2.04562E+01    2.04571E+01    2.04583E+01
    2.04594E+01    2.04609E+01    2.04624E+01    2.04642E+01    2.04662E+01
    2.04682E+01    2.04712E+01    2.04733E+01    2.04774E+01    2.04811E+01
    2.04854E+01    2.04903E+01    2.04954E+01    2.05020E+01    2.05091E+01
    2.05171E+01    2.05262E+01    1.00000E+00    1.00000E+00    1.00000E+00
    1.00000E+00    1.00000E+00    1.00000E+00    1.00000E+00    1.00000E+00
    1.00000E+00    1.00000E+00    1.00000E+00    1.00000E+00    1.00000E+00
    1.00000E+00    1.00000E+00    1.00000E+00    1.00000E+00    1.00000E+00
    1.00000E+00    1.00000E+00    1.00000E+00    1.00000E+00
     508  HYDROGEN ENDF/B-V TAPE 511                   ETOP-PHROG 07/19/79 ENDF/B MAT.
  

     sigma total
    6.45111E-01    6.88027E-01    7.25738E-01    8.73615E-01    1.07427E+00
    1.30859E+00    1.57251E+00    1.86690E+00    2.19243E+00    2.57012E+00
    2.94961E+00    3.39091E+00    3.89488E+00    4.47047E+00    5.06067E+00
    5.75316E+00    6.56884E+00    7.47241E+00    8.45237E+00    9.50346E+00
    1.06179E+01    1.17431E+01    1.28536E+01    1.39248E+01    1.49261E+01
    1.58357E+01    1.66416E+01    1.73404E+01    1.79340E+01    1.84313E+01
    1.88406E+01    1.91720E+01    1.94394E+01    1.96559E+01    1.98286E+01
    1.99651E+01    2.00722E+01    2.01573E+01    2.02236E+01    2.02763E+01
    2.03179E+01    2.03497E+01    2.03746E+01    2.03943E+01    2.04103E+01
    2.04226E+01    2.04327E+01    2.04401E+01    2.04456E+01    2.04512E+01
    2.04545E+01    2.04553E+01    2.04562E+01    2.04571E+01    2.04583E+01
    2.04594E+01    2.04609E+01    2.04624E+01    2.04642E+01    2.04662E+01
    2.04682E+01    2.04712E+01    2.04733E+01    2.04774E+01    2.04811E+01
    2.04854E+01    2.04903E+01    2.04954E+01    2.05020E+01    2.05091E+01
    2.05171E+01    2.05262E+01    1.00000E+00    1.00000E+00    1.00000E+00
    1.00000E+00    1.00000E+00    1.00000E+00    1.00000E+00    1.00000E+00
    1.00000E+00    1.00000E+00    1.00000E+00    1.00000E+00    1.00000E+00
    1.00000E+00    1.00000E+00    1.00000E+00    1.00000E+00    1.00000E+00
    1.00000E+00    1.00000E+00    1.00000E+00    1.00000E+00
     554  BISMUTH  VERS 5                              ETOP-PHROG 05/08/81 ENDF/B MAT.
  

     sigma total
    5.43672E+00    5.32814E+00    5.25247E+00    5.13599E+00    5.38879E+00
    6.14132E+00    7.22476E+00    7.85091E+00    7.89386E+00    7.23195E+00
    6.18674E+00    5.33240E+00    5.00576E+00    5.02555E+00    5.42756E+00
    6.06447E+00    6.75396E+00    7.40787E+00    7.44475E+00    8.27125E+00
    8.40012E+00    9.64554E+00    9.24727E+00    1.06160E+01    9.77596E+00
    1.06368E+01    1.18242E+01    1.03162E+01    1.14566E+01    1.57166E+01
    2.33448E+01    7.62049E+00    9.13007E+00    9.92914E+00    1.19345E+01
    1.10513E+01    1.26371E+01    3.08457E+01    9.58935E+00    1.07151E+01
    1.21374E+01    4.91458E+01    7.23876E+00    8.67572E+00    8.96310E+00
    9.13549E+00    9.21888E+00    9.26973E+00    9.30965E+00    9.34011E+00
    9.35517E+00    9.35516E+00    9.35512E+00    9.35509E+00    9.35506E+00
    9.35504E+00    9.35503E+00    9.35501E+00    9.35501E+00    9.35500E+00
    9.35500E+00    9.35500E+00    9.35468E+00    9.35500E+00    9.35500E+00
    9.35500E+00    9.35500E+00    9.35483E+00    9.35500E+00    9.35500E+00
    9.35500E+00    9.35512E+00    9.35534E+00    9.35564E+00    9.35594E+00
    9.35628E+00    9.35651E+00    9.35667E+00    9.35684E+00    9.35711E+00
    9.35751E+00    9.35797E+00    9.35889E+00    9.35984E+00    9.36070E+00
    9.36260E+00    9.36463E+00    9.36703E+00    9.37088E+00    9.37647E+00
    9.38430E+00    9.39735E+00    9.41773E+00    9.45444E+00
1

    26  ISOTOPES WRITTEN TO FILE rtt_006.sigma                                                                   
