  BNCTPATH is /home/fairchild/u2/fjw
  $RTT path is /home/fairchild/u2/fjw/rtt


 You are entering the Monte Carlo Module of the
 Patient Treatment Planning system

 This code version is rtt_MC.106

 After any request for information, you may enter:
          g;      to run this case (go) with input as now defined

          quit;  to quit



  The current name for the input file is 

rtt.input                                                                       

  Do you wish to use another filename (y/n)
 todays date is 14-Apr-97
 This code version is rtt_MC.106
 You have requested rtt_MC.107

 This code version is rtt_MC.106
 You have requested 


 The title of this run is:
 BMRR 15 cm cylinder                                                            

  Do you wish to use a different title (y/n)


 I am about to write the updated input file
   The input-file name is; 

rtt.input                                                                       

  Your options are;

     1;      Write new file and execute in foreground

     2;      Enter new file name.

     3;      Return to edit mode.


  ******************** rtt_MC Monte Carlo for Treatment Planning ********************

     Version of this code:   rtt_MC.106
     Input file for this run:rtt.input                                                                       


     Last modified Thu Apr 10 17:06:12 MST 1997

     Compiled on host: merle                   

    routine  version    last revised
    DoseOpt.  1.12       97/03/20
    Tlook.f   1.20       97/04/03
    cg.f      1.6        97/02/13
    cputime.  1.1        93/03/24
    envr.c    1.1        94/01/09
    epmc.f    1.7        97/03/20
    fund.f    1.3        97/02/06
    gampro.f  1.1        97/03/24
    image.c   1.4        96/03/05
    input.f   1.12       97/03/20
    libin.f   1.15       97/04/03
    locate.f  1.26       97/04/03
    proptd.f  1.1        97/03/24
    rand.f    1.2        93/12/08
    rst_edit  1.56       97/04/09
    rtt_MC.f  1.27       97/04/09
    scatter.  1.11       97/03/20
    source.f  1.25       97/03/20
    track.f   1.37       97/04/10
    tyme_hp.  1.1        93/03/24
    tyme_sun  1.1        93/03/24
    ultraxs.  1.7        97/03/20
    volume.f  1.43       97/04/03

  ************************************* input ************************************

      BMRR 15 cm cylinder                                                            
           1000      2000       .10000000E-01                                        
            .00000000E+00       .00000000E+00       .00000000E+00                    
            .00000000E+00       .00000000E+00       .00000000E+00                    
     H2O.geom                                                                        
     none                                                                            
             30         3                                                            
              0        72        94                                                  
           -.15000000E+02      -.15000000E+02      -.25000000E+02                    
            .10000000E+01       .10000000E+01                                        
     none                                                                            
     H2O.rst                                                                         
     22Mev.source                                                                    
              1         0                                                            
     UGD                 26Jan-96                                                    
     /home/fairchild/u2/fjw/rtt/lib/rtt_008.mat                                      
     /home/fairchild/u2/cew/lib/GAMMA/rtt_007.sigma                                  
       521  508  513  .60142600E-07  .63150000E-01  .79110000E-03                    
     rtt_MC.106                                                                      
     range.rtt                                                                       
     /home/fairchild/u2/cew/lib/ultradir                                             
     /home/fairchild/u2/cew/lib/ultralib                                             
                                                                                     
     edit_dir                                                                        
      mw_min      1.0                                                                
      b10_blood   1.0                                                                
      delta       0.5                                                                
      point       0.0 0.0 -1.0                                                       
      line        0.0 0.0 0.0      0.0 0.0 -25.0                                     
      images      30.0 1 2 3 10 10                                                   
      ap          0.0   0.0   0.0                                                    
      bp          0.0666667   0.0666667   0.0666667                                  
      cp          0.0   0.0   0.0                                                    
      contour     ras2  -5.0                                                         
      rbe         1.3  1.0  3.2  3.2 1.0 1.0                                         
      DVbs                                                                           

  *************************************  end  ************************************

  run_dir itype U 11
  run_dir itype G 4
  run_dir itype D 7
     title of this run:  BMRR 15 cm cylinder                                                            

     energy breakpoints for edit groups:   1.6904600E+07  4.1399377E-01

 random seed from RANDI =  684989311
  .00000E+00  .00000E+00  .00000E+00           1           1           0     .0000

     Square plane source(s) centered at   .0000E+00   .0000E+00   .0000E+00

     fast current 
    1.00000E+00

     fast density =     1.00000E+00


 Error-energy out of range in FUNCTION H_kerm    5.20000E+07


 Error-energy out of range in FUNCTION H_kerm    5.20000E+07

 average weight =     1.00000E+00

 average kerma =     4.91970E+06
  group     Eup           Elow          fast_pdf       dose_cum

    1    5.20010E+07    5.19990E+07    1.00000E+00    1.00001E+00


     READ_SOURCE ROUTINE DETECTED NO ERRORS


  Region Region Name                         Material Assignment

     1      H2O                                     H2O                                     
     2      fictitious                              fictitious                              


     Descriptions for   1 Materials


     Material   1 is called H2O                                     

    1    6.66800E-02    3
  buffer is region  0


      ir       this       next



     isotope   ID

         1       508
         2        -1
         3       505
         4        -8


 Closing rtt_library file /home/fairchild/u2/cew/lib/GAMMA/rtt_007.sigma                                  

 Bline: iop = 1; beam locator not used

1

          GEOMETRY FILE                                               

                    IVOPT = 0          IDBG = 0



                                                  BODY DATA
  RCC    1   .0000000D+00   .0000000D+00   .1000000D-03   .0000000D+00   .0000000D+00  -.3000000D+02    3
             .150000000D+02
  END    2   .0000000D+00   .0000000D+00   .0000000D+00   .0000000D+00   .0000000D+00   .0000000D+00   12
 NUMBER OF BODIES       1
 LENGTH OF FPD-ARRAY   17


                                                  INPUT ZONE DATA
    1    2      1      0      0      0      0      0      0      0      0  Z  1
    2    1     -1      0      0      0      0      0      0      0      0  Z  2
  END    0      0      0      0      0      0      0      0      0      0  Z  3
 NUMBER OF INPUT ZONES      2
 NUMBER OF  CODE ZONES      2
 LENGTH OF INTEGER ARRAY   24


 CODE ZONE    INPUT ZONE    ZONE DATA LOC.    NO. OF BODIES    REGION NO.    MEDIA NO. 
      1            1               8                 1               1            1
      2            2              13                 1               2            1


    I    KR1(I)    KR2(I)
    1       1         1
    2       2         2

 Bline:
 Bline:  Final beam line print for run                      source or exit point 

 Bline:           Region  Region Name    Material         x            y            z         distance
 Bline:
 Bline:1  source      1    H2O            H2O          .00000E+00   .00000E+00   .00000E+00   .00000E+00
 Bline:1  exit   1    1    H2O            H2O          .00000D+00   .00000D+00  -.30000D+02   .30000D+02
 Bline:1
 Bline:1 Beamline print terminated when fictitious region found

 Bline:1 
 Bline:  distance through region    0 from target to beam was found to be    .00000D+00

 Bline: 1 - entry point      .00000E+00     .00000E+00     .00000E+00
 Bline: 1 - exit point       .00000E+00     .00000E+00     .00000E+00
 Bline: 1 - beam vector      .00000E+00     .00000E+00   -1.00000E+00

 Bline:  Distance from source to target is;      .00000D+00


 Bline:
 Bline: SEARCH RESULTS: PHI =    .00  THETA =    .00

name = view.1 length = 40


     raster dump for row index 1 column index 2

     from row value -2.000E+01 to  2.000E+01 column value  2.000E+01 to -2.000E+01


     Region     Pixel     Material
      index     value       name

        1        127     H2O                                     
        2        254     fictitious                              
name = view.2 length = 40


     raster dump for row index 1 column index 3

     from row value -2.000E+01 to  2.000E+01 column value  2.000E+01 to -2.000E+01


     Region     Pixel     Material
      index     value       name

        1        127     H2O                                     
        2        254     fictitious                              
name = view.3 length = 40


     raster dump for row index 2 column index 3

     from row value -2.000E+01 to  2.000E+01 column value  2.000E+01 to -2.000E+01


     Region     Pixel     Material
      index     value       name

        1        127     H2O                                     
        2        254     fictitious                              
  in timset time1 =  .35


     RETURN FROM source_gen     .8800 seconds


     Ultra-fast neutron beam 
  in timset time1 =  1.23
 reg  mat     name
 10 isotopes on dirult file 


 Material    1 No. ultra-lib nuclides    2

 Nuclide      density

    1       .6668E-01
    4       .3334E-01
  used ultra-fast library id  1  1001.95c
  used ultra-fast library id  2  8016.21c
  rho  .9973716427024371

 Batch       1        2000 histories       135675 collisions


 Batch       2        2000 histories       151217 collisions


 Batch       3        2000 histories       123389 collisions


 Batch       4        2000 histories       129888 collisions


 Batch       5        2000 histories       145781 collisions


 Batch       6        2000 histories       133105 collisions


 Batch       7        2000 histories       113758 collisions


 Batch       8        2000 histories       138391 collisions


 Batch       9        2000 histories       134402 collisions


 Batch      10        2000 histories       125044 collisions


 Batch      50        2000 histories       133155 collisions


 Batch     100        2000 histories       135712 collisions


 Batch     150        2000 histories       147710 collisions


 Batch     200        2000 histories       141553 collisions


 Batch     250        2000 histories       123022 collisions


 Batch     300        2000 histories       143221 collisions


 Batch     350        2000 histories       141192 collisions


 Batch     400        2000 histories       137726 collisions


 Batch     450        2000 histories       113793 collisions


 Batch     500        2000 histories       137220 collisions


 Batch     550        2000 histories       168296 collisions


 Batch     600        2000 histories       126474 collisions


 Batch     650        2000 histories       124895 collisions


 Batch     700        2000 histories       148918 collisions


 Batch     750        2000 histories       141730 collisions


 Batch     800        2000 histories       144874 collisions


 Batch     850        2000 histories       154910 collisions


 Batch     900        2000 histories       135185 collisions


 Batch     950        2000 histories       127014 collisions


 Batch    1000        2000 histories       134882 collisions


   1000 Batch    2000000 Histories   137067653 Collisions

            0 neutron particles lost    2.00000E+06 total weight
            0 neutron particles flipped

      Time spent in track_ult =     1.5714E+04 sec


     run_dir             = U     

     run_date            = 26Jan-96       

     rel_weight          =     1.00000D+00

     start_weight        =     1.00000D+00

     s_tot               =     6.00000D+03

     num_neut_hist       =         2000000

     num_gam_hist        =               0

     num_fast_hist       =               0

     gam_ratio           =      .00000D+00

     sourcefile          = 22Mev.source                            

     irand_num           =       520663947

     xp,yp,zp            =    .0000E+00   .0000E+00   .0000E+00
     zb,phi,theta        =    .0000E+00   .0000E+00   .0000E+00

     restart file        = H2O.rst                                 


     nbatch       =       1000
     nhist        =       2000
     wncut        =   1.0000E-02
     id_b10       =        521
     id_h         =        508
     id_n         =        513
     b10_dens     =   6.0143E-08
     h_dens       =   6.3150E-02
     xn_dens      =   7.9110E-04

 cant use  file: H2O.rsta                                                                        

 create file: H2O.rstb                                                                        



     Volume-integrated region edits



 Reg   1 H2O              mean       std.dev.(%)
  Total current in       1.00001E+00  (    .00021)
  Total current out      9.12749E-01  (    .02272)
  Total absorption       8.72271E-02  (    .23835)
  Gamma production       1.20633E-01  (    .17942)
  Energy deposition      2.86149E-07  (    .01934)
  Flux for group   1     2.52159E+01  (    .02643)
  Flux for group   2     5.98568E+00  (    .11788)
  Flux for group   3     5.82377E+00  (    .19283)

 Reg   2 fictitious       mean       std.dev.(%)
  Total current in       9.12741E-01  (    .02272)
  Total current out       .00000E+00  (    .00000)
  Total absorption        .00000E+00  (    .00000)
  Gamma production        .00000E+00  (    .00000)
  Energy deposition       .00000E+00  (    .00000)
  Flux for group   1      .00000E+00  (    .00000)
  Flux for group   2      .00000E+00  (    .00000)
  Flux for group   3      .00000E+00  (    .00000)
     title of this run:  BMRR 15 cm cylinder                                                            

     energy breakpoints for edit groups:   1.6904600E+07  4.1399377E-01

  in timset time1 =  15715.75
  total capture gamma source (per neutron) is  .1095347849148794
  total ultra-fast gamma source (per neutron) is  .1385524289450504
    157952 histories     219930 collisions          0 lost for z-plane     1
    165287 histories     237949 collisions          0 lost for z-plane     2
    172725 histories     259188 collisions          0 lost for z-plane     3
    178768 histories     276457 collisions          0 lost for z-plane     4
    183414 histories     292665 collisions          0 lost for z-plane     5
    188664 histories     304692 collisions          0 lost for z-plane     6
    193309 histories     319584 collisions          0 lost for z-plane     7
    197213 histories     330074 collisions          0 lost for z-plane     8
    200368 histories     334699 collisions          0 lost for z-plane     9
    204038 histories     345288 collisions          0 lost for z-plane    10
    205005 histories     345997 collisions          0 lost for z-plane    11
    205968 histories     347148 collisions          0 lost for z-plane    12
    206601 histories     349049 collisions          0 lost for z-plane    13
    206390 histories     344225 collisions          0 lost for z-plane    14
    206263 histories     336432 collisions          0 lost for z-plane    15
    205296 histories     335505 collisions          0 lost for z-plane    16
    202636 histories     321210 collisions          0 lost for z-plane    17
    199847 histories     308210 collisions          0 lost for z-plane    18
    195171 histories     290582 collisions          0 lost for z-plane    19
    188874 histories     269665 collisions          0 lost for z-plane    20
    181617 histories     250052 collisions          0 lost for z-plane    21
    171855 histories     221908 collisions          0 lost for z-plane    22
    160218 histories     194682 collisions          0 lost for z-plane    23
    146776 histories     162856 collisions          0 lost for z-plane    24
     15356 histories      14187 collisions          0 lost for z-plane    25
       744 histories          0 collisions          0 lost for z-plane    26
         0 histories          0 collisions          0 lost for z-plane    27
         0 histories          0 collisions          0 lost for z-plane    28
         0 histories          0 collisions          0 lost for z-plane    29
         0 histories          0 collisions          0 lost for z-plane    30


   20043 batches processed      6801843 histories   9409080 collisions

     Total capture-gamma weight processed was-     4.5298E+06
     Total gamma weight ignored was-----------      .0000E+00
     No. gamma particles lost was-------------              0
     No. voxels where gamma emitter not found-           3791
              corresponding weight was--------     2.4526E+04
     No. gammas flipped was-------------------              0

      Time spent in track_gamma =     1.9292E+03 sec


     run_dir             = G     

     run_date            = 26Jan-96       

     rel_weight          =      .00000D+00

     start_weight        =     1.00000D+00

     s_tot               =     6.00000D+03

     num_neut_hist       =               0

     num_gam_hist        =         6801843

     num_fast_hist       =               0

     gam_ratio           =      .00000D+00

     sourcefile          = 22Mev.source                            

     irand_num           =       567353359

     xp,yp,zp            =    .0000E+00   .0000E+00   .0000E+00
     zb,phi,theta        =    .0000E+00   .0000E+00   .0000E+00

     restart file        = H2O.rstb                                


     nbatch       =      20043
     nhist        =       2000
     wncut        =   1.0000E-02
     id_b10       =        521
     id_h         =        508
     id_n         =        513
     b10_dens     =   6.0143E-08
     h_dens       =   6.3150E-02
     xn_dens      =   7.9110E-04

 create file: H2O.rstc                                                                        



     Volume-integrated region edits



 Reg   1 H2O              mean       std.dev.(%)
  Total current in       9.99642E-01  (    .00073)
  Total current out      9.77905E-01  (    .00488)
  Total absorption       3.50567E-02  (    .18137)
  Gamma production        .00000E+00  (    .00000)
  Energy deposition      1.26329E-08  (    .01764)
  Flux for group   1     1.83467E+01  (    .02368)
  Flux for group   2      .00000E+00  (    .00000)
  Flux for group   3      .00000E+00  (    .00000)

 Reg   2 fictitious       mean       std.dev.(%)
  Total current in       9.78515E-01  (    .00478)
  Total current out       .00000E+00  (    .00000)
  Total absorption        .00000E+00  (    .00000)
  Gamma production        .00000E+00  (    .00000)
  Energy deposition       .00000E+00  (    .00000)
  Flux for group   1      .00000E+00  (    .00000)
  Flux for group   2      .00000E+00  (    .00000)
  Flux for group   3      .00000E+00  (    .00000)
     title of this run:  BMRR 15 cm cylinder                                                            

     energy breakpoints for edit groups:   1.6904600E+07  4.1399377E-01

  in timset time1 =  17645.18


  nset      :  2
  title     :  BMRR 15 cm cylinder                                    
                         
  geomfile  :  H2O.geom                                               
                          
  bsg_file  :  none                                                   
                          
  matfile   :  /home/fairchild/u2/fjw/rtt/lib/rtt_008.mat             
                          
  sigmafile :  /home/fairchild/u2/cew/lib/GAMMA/rtt_007.sigma         
                          
  code_vers :  rtt_MC.106


  no. units in each direction      =    30
  no. tallies in bflux             =    12
  dimension of sub cubes           =   1.0000E+00
  origen of edit volume (x0,y0,z0) =  -1.5000E+01 -1.5000E+01 -2.5000E+01
  iged  0 72 94
  line  mw_min      1.0                                               
                  
1.0                                                                
  line  b10_blood   1.0                                               
                  
1.0                                                                
  line  delta       0.5                                               
                  
0.5                                                                
  line  point       0.0 0.0 -1.0                                      
                  
0.0 0.0 -1.0                                                       



 Run-dependent variables from run     1

  Exposure used is  1.0 MW-minutes


     run_dir             = U     

     run_date            = 26Jan-96       

     rel_weight (MW-min) =     1.00000D+00

     start_weight        =     1.00000D+00

     s_tot ((n+g)/MW-min)=     6.00000D+03

     num_neut_hist       =         2000000

     num_gam_hist        =               0

     num_fast_hist       =               0

     gam_ratio           =      .00000D+00

     sourcefile          = 
     --> 22Mev.source                                                                    

     irand_num           =       520663947

     xp,yp,zp            =      .00000E+00     .00000E+00     .00000E+00
     zb,phi,theta        =      .00000E+00     .00000E+00     .00000E+00

     restart file        = 
     --> H2O.rst                                                                         


     nbatch       =       1000
     nhist        =       2000
     wncut        =   1.0000E-02
     id_b10       =        521
     id_h         =        508
     id_n         =        513
     b10_dens     =   6.0143E-08
     h_dens       =   6.3150E-02
     xn_dens      =   7.9110E-04



 Run-dependent variables from run     2

  Exposure used is  .0 MW-minutes


     run_dir             = G     

     run_date            = 26Jan-96       

     rel_weight (MW-min) =      .00000D+00

     start_weight        =     1.00000D+00

     s_tot ((n+g)/MW-min)=     6.00000D+03

     num_neut_hist       =               0

     num_gam_hist        =         6801843

     num_fast_hist       =               0

     gam_ratio           =      .00000D+00

     sourcefile          = 
     --> 22Mev.source                                                                    

     irand_num           =       567353359

     xp,yp,zp            =      .00000E+00     .00000E+00     .00000E+00
     zb,phi,theta        =      .00000E+00     .00000E+00     .00000E+00

     restart file        = 
     --> H2O.rstb                                                                        


     nbatch       =      20043
     nhist        =       2000
     wncut        =   1.0000E-02
     id_b10       =        521
     id_h         =        508
     id_n         =        513
     b10_dens     =   6.0143E-08
     h_dens       =   6.3150E-02
     xn_dens      =   7.9110E-04


 Combined neutron and gamma transport results at 1.00 MW


   Tvol - voxel volume, tolerance volume  1.0 .0
  xnorm ynorm  100.0 100.0
  sgc_tot sgu_tot syc_tot  24.8087213901109 13.85524289450502
 38.66396428461592
  sg_tot sy_tot  38.66396428461592 38.66396428461592


 --------------------------------------------------------------------------------

     Norm. Reference location 
      Norm. region ----------------------------=      1/H2O                                     
      Norm. x (cm)-----------------------------=   -5.00000E-01
      Norm. y (cm)-----------------------------=   -5.00000E-01
      Norm. z (cm)-----------------------------=   -1.25000E+01
     Normalized thermal flux(n/cm**2-s-MW)-----=    9.57216E-02
     Norm. Group 1 flux(n/cm**2-s-MW)----------=    8.25075E-01
     Norm. Group 2 flux(n/cm**2-s-MW)----------=    1.13879E-01
     Normalized gamma dose (cGy/MW-min)--------=    5.18282E-09
     Normalized proton recoil dose (cGy/MW-min)=    4.30592E-08
     Normalized boron-10 (cGy/ppm-MW-min)------=    4.29715E-11
     Normalized N-14 (cGy/MW-min)--------------=    2.02635E-10
     gamma production (gammas/cc-s-MW)---------=    7.46412E-03
     ultra-fast gamma prod. (gammas/cc-s-MW)---=    3.26214E-01
     Cu-63 sat. activity (Becquerels)----------=    3.70017E-25
     Normalized ultra-fast neutron (cGy/MW-min)=    3.00038E-07
 ********************************************************************************
     note 1): densities for above doses are;
               hydrogen----  6.3150E-02 atoms/barn-cm
               boron-10----  6.0143E-08 atoms/barn-cm
               nitrogen-14-  7.9110E-04 atoms/barn-cm
     note 2): Cu-63 activity derived assuming;
               Cu-63 act = term1 x (boron-10 dose)
               where;  term1 = sig_Cu*power*1.0D-24/(b10_dens*60.0*sig_B*RG_EV*Q)
                             =  8.61075E-15
 ********************************************************************************



 --------------------------------------------------------------------------------


     Total gamma source from beam----------=     .00000E+00
     Total gamma source from capture-------=    2.48087E+01
     Gamma source from ultra-fast capture--=    1.38552E+01
     Total gamma source--------------------=    3.86640E+01
     Normalization factor------------------=    1.00000E+02



  ******************************input for edit    1******************************

     Irradiation time (MW-min)---------------------=    1.00000E+00
     B-10 blood concentration (ppm)----------------=    1.00000E+00
     Edit interval (cm)----------------------------=    5.00000E-01
     Convergence on volume-------------------------=    1.00000E-02
     Hydrogen density ((atoms/gm)*1E-24)-----------=    6.31500E-02
     Nitrogen density ((atoms/gm)*1E-24)-----------=    7.91100E-04
     RBE or mult factor for gamma dose-------------=    1.00000E+00
     RBE or mult factor for hydrogen dose----------=    1.00000E+00
     RBE or mult factor for other dose-------------=    1.00000E+00
     RBE or mult factor for B-10 dose--------------=    1.00000E+00
     RBE or mult factor for gamma production-------=    1.00000E+00
     RBE or mult factor for N-14 dose--------------=    1.00000E+00
     RBE or mult factor for ultrafast proton recoil=    1.00000E+00
     RBE or mult factor for ultrafast neutron dose-=    1.00000E+00

     ratio of region to blood boron conc. for regions allowed in edit

                 region       ratio
                    1     1.00000E+00
                    2     1.00000E+00
  POINT EDIT FOR unnamed_structure             
  Constraining dose 10000000000.0
     x         y         z     reg   total      B-10       gamma      N-14     Hydrogen     other
   (cm)      (cm)      (cm)           dose      dose       dose       dose       dose        dose

  .000E+00  .000E+00-1.000E+00   1 4.6410E-07 9.8699E-12 3.3192E-09 8.8106E-11 2.5480E-08 4.3520E-07


     x         y         z     reg   group 1    group 2    thermal     total   ultra-fast 
   (cm)      (cm)      (cm)          fluence    fluence    fluence  gamma prod gamma prod

  .000E+00  .000E+00-1.000E+00   1 7.0076E+01 4.1002E+00 1.3388E+00 1.5181E-01  .0000E+00
  line  line        0.0 0.0 0.0      0.0 0.0 -25.0                    
                  
0.0 0.0 0.0      0.0 0.0 -25.0                                     


  ******************************input for edit    2******************************

     Irradiation time (MW-min)---------------------=    1.00000E+00
     B-10 blood concentration (ppm)----------------=    1.00000E+00
     Edit interval (cm)----------------------------=    5.00000E-01
     Convergence on volume-------------------------=    1.00000E-02
     Hydrogen density ((atoms/gm)*1E-24)-----------=    6.31500E-02
     Nitrogen density ((atoms/gm)*1E-24)-----------=    7.91100E-04
     RBE or mult factor for gamma dose-------------=    1.00000E+00
     RBE or mult factor for hydrogen dose----------=    1.00000E+00
     RBE or mult factor for other dose-------------=    1.00000E+00
     RBE or mult factor for B-10 dose--------------=    1.00000E+00
     RBE or mult factor for gamma production-------=    1.00000E+00
     RBE or mult factor for N-14 dose--------------=    1.00000E+00
     RBE or mult factor for ultrafast proton recoil=    1.00000E+00
     RBE or mult factor for ultrafast neutron dose-=    1.00000E+00

     ratio of region to blood boron conc. for regions allowed in edit

                 region       ratio
                    1     1.00000E+00
                    2     1.00000E+00


     Line edit from    .0000E+00   .0000E+00   .0000E+00 to    .0000E+00   .0000E+00 -2.5000E+01

     x         y         z     reg   total      B-10       gamma      N-14     Hydrogen     other
   (cm)      (cm)      (cm)           dose      dose       dose       dose       dose        dose

  .000E+00  .000E+00  .000E+00   1 6.7630E-11 6.0044E-16 2.8949E-13 5.7235E-15 6.7054E-11 2.8068E-13
  .000E+00  .000E+00-5.000E-01   1 4.1234E-07 6.6918E-12 2.6408E-09 6.5658E-11 1.9510E-08 3.9012E-07
  .000E+00  .000E+00-1.000E+00   1 4.6410E-07 9.8699E-12 3.3192E-09 8.8106E-11 2.5480E-08 4.3520E-07
  .000E+00  .000E+00-1.500E+00   1 4.0374E-07 1.3467E-11 3.5162E-09 1.0812E-10 3.0113E-08 3.6999E-07
  .000E+00  .000E+00-2.000E+00   1 4.0445E-07 1.6813E-11 3.8617E-09 1.2737E-10 3.2929E-08 3.6752E-07
  .000E+00  .000E+00-2.500E+00   1 4.0410E-07 2.0086E-11 4.1724E-09 1.4288E-10 3.4971E-08 3.6480E-07
  .000E+00  .000E+00-3.000E+00   1 4.0263E-07 2.2945E-11 4.4106E-09 1.5620E-10 3.5552E-08 3.6249E-07
  .000E+00  .000E+00-3.500E+00   1 3.9889E-07 2.5736E-11 4.5603E-09 1.6120E-10 3.4182E-08 3.5997E-07
  .000E+00  .000E+00-4.000E+00   1 4.0026E-07 2.7638E-11 4.6917E-09 1.6893E-10 3.7463E-08 3.5791E-07
  .000E+00  .000E+00-4.500E+00   1 4.0098E-07 2.9249E-11 4.7608E-09 1.7528E-10 4.0385E-08 3.5563E-07
  .000E+00  .000E+00-5.000E+00   1 3.9894E-07 3.0749E-11 4.8661E-09 1.7961E-10 4.0533E-08 3.5333E-07
  .000E+00  .000E+00-5.500E+00   1 3.9543E-07 3.2168E-11 5.0520E-09 1.8572E-10 3.9603E-08 3.5056E-07
  .000E+00  .000E+00-6.000E+00   1 3.9414E-07 3.3671E-11 5.1340E-09 1.9117E-10 4.0884E-08 3.4790E-07
  .000E+00  .000E+00-6.500E+00   1 3.9317E-07 3.4402E-11 5.1588E-09 1.9345E-10 4.3427E-08 3.4435E-07
  .000E+00  .000E+00-7.000E+00   1 3.9016E-07 3.6000E-11 5.1864E-09 1.9583E-10 4.3432E-08 3.4131E-07
  .000E+00  .000E+00-7.500E+00   1 3.8212E-07 3.7333E-11 5.2458E-09 1.9466E-10 3.9360E-08 3.3728E-07
  .000E+00  .000E+00-8.000E+00   1 3.7691E-07 3.8049E-11 5.2576E-09 1.9620E-10 3.7616E-08 3.3380E-07
  .000E+00  .000E+00-8.500E+00   1 3.7439E-07 3.9067E-11 5.2564E-09 1.9975E-10 3.8261E-08 3.3064E-07
  .000E+00  .000E+00-9.000E+00   1 3.7240E-07 3.9507E-11 5.2747E-09 2.0215E-10 3.9699E-08 3.2719E-07
  .000E+00  .000E+00-9.500E+00   1 3.7614E-07 3.9933E-11 5.2534E-09 2.0468E-10 4.5904E-08 3.2474E-07
  .000E+00  .000E+00-1.000E+01   1 3.7254E-07 4.0465E-11 5.2333E-09 2.0432E-10 4.5632E-08 3.2143E-07
  .000E+00  .000E+00-1.050E+01   1 3.6522E-07 3.9893E-11 5.1980E-09 2.0368E-10 4.1856E-08 3.1792E-07
  .000E+00  .000E+00-1.100E+01   1 3.6110E-07 3.9564E-11 5.1908E-09 1.9984E-10 4.1624E-08 3.1405E-07
  .000E+00  .000E+00-1.150E+01   1 3.5630E-07 3.8221E-11 5.2018E-09 1.9420E-10 4.0757E-08 3.1011E-07
  .000E+00  .000E+00-1.200E+01   1 3.5133E-07 3.8910E-11 5.1764E-09 1.9374E-10 4.0113E-08 3.0580E-07
  .000E+00  .000E+00-1.250E+01   1 3.4803E-07 4.1974E-11 5.1283E-09 1.9908E-10 4.0750E-08 3.0191E-07
  .000E+00  .000E+00-1.300E+01   1 3.4324E-07 4.2245E-11 5.0671E-09 1.9918E-10 4.0061E-08 2.9787E-07
  .000E+00  .000E+00-1.350E+01   1 3.3919E-07 4.0998E-11 5.0608E-09 1.9460E-10 3.9857E-08 2.9403E-07
  .000E+00  .000E+00-1.400E+01   1 3.3574E-07 4.0880E-11 5.0192E-09 1.9370E-10 4.0341E-08 2.9015E-07
  .000E+00  .000E+00-1.450E+01   1 3.3035E-07 4.1235E-11 4.9527E-09 1.9291E-10 3.9446E-08 2.8571E-07
  .000E+00  .000E+00-1.500E+01   1 3.2571E-07 4.1051E-11 4.9019E-09 1.9050E-10 3.8548E-08 2.8203E-07
  .000E+00  .000E+00-1.550E+01   1 3.2289E-07 4.0464E-11 4.8426E-09 1.8798E-10 3.8773E-08 2.7904E-07
  .000E+00  .000E+00-1.600E+01   1 3.1765E-07 3.9654E-11 4.8103E-09 1.8333E-10 3.7463E-08 2.7516E-07
  .000E+00  .000E+00-1.650E+01   1 3.0861E-07 3.8624E-11 4.7378E-09 1.7584E-10 3.2662E-08 2.7100E-07
  .000E+00  .000E+00-1.700E+01   1 3.0409E-07 3.7560E-11 4.6565E-09 1.7281E-10 3.2572E-08 2.6666E-07
  .000E+00  .000E+00-1.750E+01   1 3.0224E-07 3.7334E-11 4.5592E-09 1.7710E-10 3.4881E-08 2.6258E-07
  .000E+00  .000E+00-1.800E+01   1 2.9852E-07 3.7759E-11 4.4943E-09 1.7805E-10 3.5467E-08 2.5834E-07
  .000E+00  .000E+00-1.850E+01   1 2.9483E-07 3.8963E-11 4.4158E-09 1.7835E-10 3.5857E-08 2.5434E-07
  .000E+00  .000E+00-1.900E+01   1 2.8981E-07 3.9343E-11 4.3037E-09 1.7596E-10 3.5144E-08 2.5015E-07
  .000E+00  .000E+00-1.950E+01   1 2.8660E-07 3.8331E-11 4.1890E-09 1.6775E-10 3.6234E-08 2.4597E-07
  .000E+00  .000E+00-2.000E+01   1 2.8223E-07 3.7309E-11 4.0797E-09 1.6399E-10 3.6606E-08 2.4134E-07
  .000E+00  .000E+00-2.050E+01   1 2.7698E-07 3.7024E-11 4.0131E-09 1.6640E-10 3.6360E-08 2.3641E-07
  .000E+00  .000E+00-2.100E+01   1 2.7240E-07 3.5510E-11 3.8944E-09 1.6277E-10 3.6045E-08 2.3226E-07
  .000E+00  .000E+00-2.150E+01   1 2.6561E-07 3.2613E-11 3.7658E-09 1.5473E-10 3.3167E-08 2.2849E-07
  .000E+00  .000E+00-2.200E+01   1 2.6133E-07 3.1462E-11 3.6465E-09 1.5240E-10 3.2568E-08 2.2493E-07
  .000E+00  .000E+00-2.250E+01   1 2.5696E-07 3.0913E-11 3.5179E-09 1.4779E-10 3.1909E-08 2.2135E-07
  .000E+00  .000E+00-2.300E+01   1 2.5274E-07 3.0002E-11 3.3549E-09 1.4584E-10 3.1608E-08 2.1760E-07
  .000E+00  .000E+00-2.350E+01   1 2.4834E-07 2.9321E-11 3.1749E-09 1.4361E-10 3.2392E-08 2.1260E-07
  .000E+00  .000E+00-2.400E+01   1 2.4326E-07 2.8116E-11 2.9117E-09 1.3984E-10 3.1437E-08 2.0874E-07
  .000E+00  .000E+00-2.450E+01   1 2.3899E-07 2.6310E-11 2.5715E-09 1.3760E-10 3.1154E-08 2.0510E-07
  .000E+00  .000E+00-2.500E+01   1 2.3379E-07 2.5095E-11 2.3211E-09 1.3335E-10 2.9971E-08 2.0134E-07


     Line edit from    .0000E+00   .0000E+00   .0000E+00 to    .0000E+00   .0000E+00 -2.5000E+01



     x         y         z     reg   group 1    group 2    thermal     total   ultra-fast 
   (cm)      (cm)      (cm)          fluence    fluence    fluence  gamma prod gamma prod

  .000E+00  .000E+00  .000E+00   1 5.6449E-05 2.5157E-04 8.0546E-05 1.9432E-06  .0000E+00
  .000E+00  .000E+00-5.000E-01   1 6.2734E+01 3.1966E+00 9.2358E-01 6.6883E-03  .0000E+00
  .000E+00  .000E+00-1.000E+00   1 7.0076E+01 4.1002E+00 1.3388E+00 1.5181E-01  .0000E+00
  .000E+00  .000E+00-1.500E+00   1 5.9779E+01 4.6111E+00 1.7950E+00 4.2067E-01 3.6566E-01
  .000E+00  .000E+00-2.000E+00   1 5.9510E+01 5.1255E+00 2.2226E+00 4.9051E-01 3.6566E-01
  .000E+00  .000E+00-2.500E+00   1 5.9195E+01 5.3995E+00 2.6542E+00 4.6046E-01 3.9917E-01
  .000E+00  .000E+00-3.000E+00   1 5.8953E+01 5.7053E+00 3.0470E+00 4.6924E-01 4.0014E-01
  .000E+00  .000E+00-3.500E+00   1 5.8660E+01 5.7916E+00 3.3998E+00 4.6374E-01 3.8760E-01
  .000E+00  .000E+00-4.000E+00   1 5.8421E+01 6.0320E+00 3.6794E+00 4.6323E-01 3.8200E-01
  .000E+00  .000E+00-4.500E+00   1 5.8136E+01 6.2246E+00 3.9717E+00 4.6672E-01 3.8094E-01
  .000E+00  .000E+00-5.000E+00   1 5.7838E+01 6.4258E+00 4.1423E+00 4.6673E-01 3.7699E-01
  .000E+00  .000E+00-5.500E+00   1 5.7465E+01 6.6931E+00 4.2790E+00 4.6046E-01 3.6646E-01
  .000E+00  .000E+00-6.000E+00   1 5.7083E+01 6.8747E+00 4.4979E+00 4.5846E-01 3.6062E-01
  .000E+00  .000E+00-6.500E+00   1 5.6539E+01 7.0194E+00 4.6406E+00 4.5841E-01 3.5842E-01
  .000E+00  .000E+00-7.000E+00   1 5.6057E+01 7.1070E+00 4.8415E+00 4.5796E-01 3.5383E-01
  .000E+00  .000E+00-7.500E+00   1 5.5376E+01 7.1199E+00 4.9625E+00 4.7385E-01 3.6649E-01
  .000E+00  .000E+00-8.000E+00   1 5.4834E+01 7.0870E+00 5.0721E+00 4.7456E-01 3.6516E-01
  .000E+00  .000E+00-8.500E+00   1 5.4381E+01 7.1920E+00 5.2161E+00 4.7064E-01 3.5842E-01
  .000E+00  .000E+00-9.000E+00   1 5.3858E+01 7.2190E+00 5.2642E+00 4.7192E-01 3.5847E-01
  .000E+00  .000E+00-9.500E+00   1 5.3463E+01 7.2213E+00 5.3344E+00 4.7148E-01 3.5663E-01
  .000E+00  .000E+00-1.000E+01   1 5.2928E+01 7.1427E+00 5.3928E+00 4.5967E-01 3.4374E-01
  .000E+00  .000E+00-1.050E+01   1 5.2384E+01 7.1290E+00 5.3385E+00 4.3273E-01 3.1853E-01
  .000E+00  .000E+00-1.100E+01   1 5.1763E+01 7.0301E+00 5.3242E+00 4.3089E-01 3.1782E-01
  .000E+00  .000E+00-1.150E+01   1 5.1150E+01 6.9045E+00 5.1980E+00 4.3923E-01 3.2973E-01
  .000E+00  .000E+00-1.200E+01   1 5.0433E+01 6.8908E+00 5.2921E+00 4.3695E-01 3.2574E-01
  .000E+00  .000E+00-1.250E+01   1 4.9789E+01 6.8459E+00 5.6474E+00 4.3115E-01 3.1220E-01
  .000E+00  .000E+00-1.300E+01   1 4.9139E+01 6.8037E+00 5.6803E+00 4.2843E-01 3.0888E-01
  .000E+00  .000E+00-1.350E+01   1 4.8522E+01 6.7229E+00 5.5079E+00 4.3561E-01 3.1947E-01
  .000E+00  .000E+00-1.400E+01   1 4.7899E+01 6.6405E+00 5.5096E+00 4.3430E-01 3.1848E-01
  .000E+00  .000E+00-1.450E+01   1 4.7146E+01 6.4732E+00 5.5969E+00 4.2034E-01 3.0370E-01
  .000E+00  .000E+00-1.500E+01   1 4.6548E+01 6.4010E+00 5.5556E+00 4.2171E-01 3.0566E-01
  .000E+00  .000E+00-1.550E+01   1 4.6048E+01 6.3993E+00 5.4223E+00 4.3174E-01 3.1736E-01
  .000E+00  .000E+00-1.600E+01   1 4.5413E+01 6.2993E+00 5.3260E+00 4.2021E-01 3.0813E-01
  .000E+00  .000E+00-1.650E+01   1 4.4741E+01 6.1269E+00 5.2212E+00 4.0030E-01 2.9131E-01
  .000E+00  .000E+00-1.700E+01   1 4.4049E+01 6.0523E+00 5.0957E+00 3.9832E-01 2.9218E-01
  .000E+00  .000E+00-1.750E+01   1 4.3393E+01 6.1435E+00 5.0022E+00 4.0681E-01 3.0090E-01
  .000E+00  .000E+00-1.800E+01   1 4.2708E+01 6.1041E+00 5.0188E+00 3.9842E-01 2.9151E-01
  .000E+00  .000E+00-1.850E+01   1 4.2081E+01 6.0124E+00 5.1817E+00 3.8521E-01 2.7502E-01
  .000E+00  .000E+00-1.900E+01   1 4.1391E+01 5.8675E+00 5.2113E+00 3.8331E-01 2.7246E-01
  .000E+00  .000E+00-1.950E+01   1 4.0701E+01 5.6640E+00 5.1412E+00 3.6820E-01 2.6068E-01
  .000E+00  .000E+00-2.000E+01   1 3.9911E+01 5.5854E+00 5.0245E+00 3.5329E-01 2.4873E-01
  .000E+00  .000E+00-2.050E+01   1 3.9063E+01 5.5708E+00 4.9600E+00 3.4808E-01 2.4399E-01
  .000E+00  .000E+00-2.100E+01   1 3.8365E+01 5.5193E+00 4.7533E+00 3.4209E-01 2.4195E-01
  .000E+00  .000E+00-2.150E+01   1 3.7769E+01 5.4279E+00 4.3700E+00 3.3760E-01 2.4510E-01
  .000E+00  .000E+00-2.200E+01   1 3.7206E+01 5.3754E+00 4.2238E+00 3.3840E-01 2.4879E-01
  .000E+00  .000E+00-2.250E+01   1 3.6652E+01 5.2563E+00 4.1854E+00 3.4222E-01 2.5413E-01
  .000E+00  .000E+00-2.300E+01   1 3.6063E+01 5.1845E+00 4.0566E+00 3.3814E-01 2.5246E-01
  .000E+00  .000E+00-2.350E+01   1 3.5231E+01 5.2261E+00 3.9401E+00 3.2178E-01 2.3819E-01
  .000E+00  .000E+00-2.400E+01   1 3.4602E+01 5.1259E+00 3.7768E+00 3.1284E-01 2.3250E-01
  .000E+00  .000E+00-2.450E+01   1 3.4005E+01 4.9592E+00 3.5246E+00 3.1560E-01 2.3979E-01
  .000E+00  .000E+00-2.500E+01   1 3.3385E+01 4.8569E+00 3.3647E+00 3.0561E-01 2.3319E-01
 EndLineEdit
  line  images      30.0 1 2 3 10 10                                  
                  
30.0 1 2 3 10 10                                                   
  line  ap          0.0   0.0   0.0                                   
                  
0.0   0.0   0.0                                                    
  line  bp          0.0666667   0.0666667   0.0666667                 
                  
0.0666667   0.0666667   0.0666667                                  
  line  cp          0.0   0.0   0.0                                   
                  
0.0   0.0   0.0                                                    
  line  contour     ras2  -5.0                                        
                  
ras2  -5.0                                                         


  ******************************input for edit    3******************************

     Irradiation time (MW-min)---------------------=    1.00000E+00
     B-10 blood concentration (ppm)----------------=    1.00000E+00
     Edit interval (cm)----------------------------=    5.00000E-01
     Convergence on volume-------------------------=    1.00000E-02
     Hydrogen density ((atoms/gm)*1E-24)-----------=    6.31500E-02
     Nitrogen density ((atoms/gm)*1E-24)-----------=    7.91100E-04
     RBE or mult factor for gamma dose-------------=    1.00000E+00
     RBE or mult factor for hydrogen dose----------=    1.00000E+00
     RBE or mult factor for other dose-------------=    1.00000E+00
     RBE or mult factor for B-10 dose--------------=    1.00000E+00
     RBE or mult factor for gamma production-------=    1.00000E+00
     RBE or mult factor for N-14 dose--------------=    1.00000E+00
     RBE or mult factor for ultrafast proton recoil=    1.00000E+00
     RBE or mult factor for ultrafast neutron dose-=    1.00000E+00

     ratio of region to blood boron conc. for regions allowed in edit

                 region       ratio
                    1     1.00000E+00
                    2     1.00000E+00
   1.000 MW-minutes.  image is ras2                                                                            
name = ras2,mask length = 80


     Region     Pixel     Material
      index     value       name

        1        127     H2O                                     
        2        254     fictitious                              
  line  rbe         1.3  1.0  3.2  3.2 1.0 1.0                        
                  
1.3  1.0  3.2  3.2 1.0 1.0                                         
  line  DVbs                                                          
                  
                                                                   
  ERROR in Routine boxgen 
  The NURB file does not exist none                                   
                                          
  Make sure you are running in CG geometry 


  ******************************input for edit    4******************************

     Irradiation time (MW-min)---------------------=    1.00000E+00
     B-10 blood concentration (ppm)----------------=    1.00000E+00
     Edit interval (cm)----------------------------=    5.00000E-01
     Convergence on volume-------------------------=    1.00000E-02
     Hydrogen density ((atoms/gm)*1E-24)-----------=    6.31500E-02
     Nitrogen density ((atoms/gm)*1E-24)-----------=    7.91100E-04
     RBE or mult factor for gamma dose-------------=    1.00000E+00
     RBE or mult factor for hydrogen dose----------=    3.20000E+00
     RBE or mult factor for other dose-------------=    1.00000E+00
     RBE or mult factor for B-10 dose--------------=    1.30000E+00
     RBE or mult factor for gamma production-------=    1.00000E+00
     RBE or mult factor for N-14 dose--------------=    3.20000E+00
     RBE or mult factor for ultrafast proton recoil=    1.00000E+00
     RBE or mult factor for ultrafast neutron dose-=    1.00000E+00

     ratio of region to blood boron conc. for regions allowed in edit

                 region       ratio
                    1     1.00000E+00
                    2     1.00000E+00


     volume edit for    .0000E+00 < x <    .0000E+00      .0000E+00 < y <    .0000E+00      .0000E+00 < z <  -2.5000E+01
 iteration   1 volume =       .0000E+00
 iteration   2 volume =       .0000E+00
 iteration   3 volume =       .0000E+00
 iteration   4 volume =       .0000E+00

 edit not converged-maximum iterations reached


DV      edit required     5 iterations. Volume calculated as   .00000E+00 H2O                 

     interval       total       B-10        gamma        N-14     Hydrogen      fast      thermal       other
                     dose        dose        dose        dose        dose        flux        flux        dose

DV  0% -  10%        .000        .005        .000        .000        .000        .000        .004        .000
DV 10% -  20%        .000        .027        .000        .002        .000        .000        .027        .000
DV 20% -  30%        .000        .024        .000        .014        .004        .000        .025        .000
DV 30% -  40%        .000        .025        .009        .016        .010        .000        .026        .000
DV 40% -  50%        .000        .029        .031        .021        .012        .000        .029        .000
DV 50% -  60%        .000        .041        .049        .020        .014        .000        .042        .000
DV 60% -  70%        .030        .117        .094        .075        .022        .041        .102        .046
DV 70% -  80%        .146        .151        .129        .154        .252        .152        .160        .150
DV 80% -  90%        .195        .251        .167        .262        .271        .144        .208        .142
DV 90% - 100%        .172        .330        .322        .368        .347        .161        .376        .159
DV   > 100%          .457        .000        .200        .067        .067        .502        .000        .503

DV maximum     5.1983E-07  5.4918E-11  5.2736E-09  6.5878E-10  1.4733E-07  7.0075E+01  5.6804E+00  4.3522E-07

DV minimum     2.9453E-07  4.5657E-12  1.5970E-09  1.2051E-10  3.6694E-08  3.3404E+01  4.9328E-01  2.0146E-07

DV mean      NaN         NaN         NaN         NaN         NaN         NaN         NaN         NaN         

DV reference   4.4371E-07  5.5863E-11  5.1828E-09  6.4843E-10  1.3779E-07  4.9505E+01  5.7433E+00  3.0004E-07

   Location where minimum total occurs is    .0000E+00   .0000E+00 -1.5605E-02
   Location where maximum total occurs is    .0000E+00   .0000E+00 -8.9732E+00

  line  in_reg     1   2                                              
                  
1   2                                                               
  line  point        -.50000      -.50000    -12.50000 reference_point
             .0000
-.50000      -.50000    -12.50000 reference_point            .0000


  ******************************input for edit    5******************************

     Irradiation time (MW-min)---------------------=    1.00000E+00
     B-10 blood concentration (ppm)----------------=    1.00000E+00
     Edit interval (cm)----------------------------=    5.00000E-01
     Convergence on volume-------------------------=    1.00000E-02
     Hydrogen density ((atoms/gm)*1E-24)-----------=    6.31500E-02
     Nitrogen density ((atoms/gm)*1E-24)-----------=    7.91100E-04
     RBE or mult factor for gamma dose-------------=    1.00000E+00
     RBE or mult factor for hydrogen dose----------=    3.20000E+00
     RBE or mult factor for other dose-------------=    1.00000E+00
     RBE or mult factor for B-10 dose--------------=    1.30000E+00
     RBE or mult factor for gamma production-------=    1.00000E+00
     RBE or mult factor for N-14 dose--------------=    3.20000E+00
     RBE or mult factor for ultrafast proton recoil=    1.00000E+00
     RBE or mult factor for ultrafast neutron dose-=    1.00000E+00

     ratio of region to blood boron conc. for regions allowed in edit

                 region       ratio
                    1     1.00000E+00
                    2     1.00000E+00
  POINT EDIT FOR reference_point               
  Constraining dose 10000000000.0
     x         y         z     reg   total      B-10       gamma      N-14     Hydrogen     other
   (cm)      (cm)      (cm)           dose      dose       dose       dose       dose        dose

-5.000E-01-5.000E-01-1.250E+01   1 4.4630E-07 5.6456E-11 5.1966E-09 6.5411E-10 1.4022E-07 3.0018E-07


     x         y         z     reg   group 1    group 2    thermal     total   ultra-fast 
   (cm)      (cm)      (cm)          fluence    fluence    fluence  gamma prod gamma prod

-5.000E-01-5.000E-01-1.250E+01   1 4.9534E+01 6.8655E+00 5.7916E+00 4.4918E-01 3.2632E-01
  b10_ratio set = 1.0 for 1 to nreg 


 Bline: BeamLine Dose Depth line edit


        14 edit-directive lines read
